2024-05-15 09:20:05,763 [T1] INFO  EngineStarter
BOT Engine Start - v3.1.124.00426 at 5/15/2024 9:20:05 AM
EngineID: D_20240515_092005_263
PID : 9744
PPID: 17980
Working Directory: C:\Users\PC\AppData\Roaming\Brity RPA Designer

2024-05-15 09:20:05,774 [T1] INFO  EngineStarter
System Language: en-US
Resolution: 1920 x 1080

2024-05-15 09:20:05,948 [T1] INFO  Config
Initialize Config

2024-05-15 09:20:05,970 [T1] DEBUG Config
Config Loaded

2024-05-15 09:20:05,975 [T1] DEBUG Config
Backup config file.

2024-05-15 09:20:05,981 [T1] INFO  Config
Orchestrator Service => https://bwrpa.samsungsds.com:8777

2024-05-15 09:20:05,984 [T1] INFO  Config
Initialize Resource Config

2024-05-15 09:20:06,001 [T1] DEBUG Config
Refresh Language Information

2024-05-15 09:20:06,045 [T1] INFO  Config
All Config Initialized.

2024-05-15 09:20:06,049 [T1] DEBUG KeyManager
Initialize KeyManager

2024-05-15 09:20:06,050 [T1] DEBUG KeyManager
Load device unique id.

2024-05-15 09:20:06,057 [T1] DEBUG KeyManager
Device ID is initialized.

2024-05-15 09:20:06,082 [T1] INFO  CertLicenseClient
Initialize certificate.

2024-05-15 09:20:06,084 [T1] DEBUG CertLicenseClient
Set Security Protocol: Tls12

2024-05-15 09:20:06,109 [T5] DEBUG JobService
Connect to agent service

2024-05-15 09:20:06,116 [T5] DEBUG JobService
JobService URL : net.tcp://127.0.0.1:59001/rpa/agent

2024-05-15 09:20:06,116 [T5] DEBUG JobService
Open connection

2024-05-15 09:20:06,123 [T5] DEBUG JobService
Register engine to agent

2024-05-15 09:20:06,125 [T5] DEBUG JobService
Engine is connected to agent service.

2024-05-15 09:20:06,125 [T5] DEBUG JobService
Owner Process PID: 17980

2024-05-15 09:20:06,128 [T5] INFO  JobService
Start monitoring owner process is terminated.

2024-05-15 09:20:06,137 [T1] DEBUG ApplicationInitializer
InitMode: Thread

2024-05-15 09:20:06,144 [T1] INFO  LibraryManager
Load Libraries - Started

2024-05-15 09:20:06,153 [T1] DEBUG AddInLoader
Load Assembly : IPA.Lib.Chrome

2024-05-15 09:20:06,305 [T1] DEBUG AddInLoader
Load Assembly : IPA.Lib.Desktop

2024-05-15 09:20:06,426 [T1] DEBUG AddInLoader
Load Assembly : IPA.Lib.Excel

2024-05-15 09:20:06,536 [T1] DEBUG AddInLoader
Load Assembly : IPA.Lib.Flow

2024-05-15 09:20:06,615 [T1] DEBUG AddInLoader
Load Assembly : IPA.Lib.IE

2024-05-15 09:20:06,679 [T1] DEBUG AddInLoader
Load Assembly : IPA.Lib.ImageConverter

2024-05-15 09:20:06,723 [T1] DEBUG AddInLoader
Load Assembly : IPA.Lib.ImageRecognition

2024-05-15 09:20:06,855 [T1] DEBUG AddInLoader
Load Assembly : IPA.Lib.MicrosoftOCR

2024-05-15 09:20:06,898 [T1] DEBUG AddInLoader
Load Assembly : IPA.Lib.Net

2024-05-15 09:20:06,955 [T1] DEBUG AddInLoader
Load Assembly : IPA.Lib.Orchestra

2024-05-15 09:20:07,014 [T1] DEBUG AddInLoader
Load Assembly : IPA.Lib.ProcessFlow

2024-05-15 09:20:07,075 [T1] DEBUG AddInLoader
Load Assembly : IPA.Lib.SAP

2024-05-15 09:20:07,131 [T1] DEBUG AddInLoader
Load Assembly : IPA.Lib.Web

2024-05-15 09:20:07,205 [T1] DEBUG AddInLoader
Load Assembly : IPA.Lib.Win

2024-05-15 09:20:07,293 [T1] INFO  ScreenCapture
Default Screen Capture Bounds: 0,0,1920,1080

2024-05-15 09:20:07,313 [T1] DEBUG AddInLoader
Load Assembly : BrityRPA.AddIn.NativeApp

2024-05-15 09:20:07,395 [T1] DEBUG AddInLoader
Load Assembly : BrityWorks.AddIn.Outlook

2024-05-15 09:20:07,444 [T1] DEBUG AddInLoader
Load Assembly : BrityWorks.AddIn.Pdf

2024-05-15 09:20:07,510 [T1] DEBUG LibraryManager
Load Library - Chrome

2024-05-15 09:20:07,525 [T1] DEBUG LibraryManager
Load Library - Desktop

2024-05-15 09:20:07,541 [T1] DEBUG LibraryManager
Load Library - Excel

2024-05-15 09:20:07,557 [T1] DEBUG LibraryManager
Load Library - Flow

2024-05-15 09:20:07,573 [T1] DEBUG LibraryManager
Load Library - IE

2024-05-15 09:20:07,589 [T1] DEBUG LibraryManager
Load Library - ImageConverter

2024-05-15 09:20:07,605 [T1] DEBUG LibraryManager
Load Library - ImageRecognition

2024-05-15 09:20:07,621 [T1] DEBUG LibraryManager
Load Library - MicrosoftOCR

2024-05-15 09:20:07,637 [T1] DEBUG LibraryManager
Load Library - NativeApp

2024-05-15 09:20:07,653 [T1] DEBUG LibraryManager
Load Library - Net

2024-05-15 09:20:07,669 [T1] DEBUG LibraryManager
Load Library - Orchestra

2024-05-15 09:20:07,685 [T1] DEBUG LibraryManager
Load Library - Outlook

2024-05-15 09:20:07,700 [T1] DEBUG LibraryManager
Load Library - Pdf

2024-05-15 09:20:07,715 [T1] DEBUG LibraryManager
Load Library - SAP

2024-05-15 09:20:07,731 [T1] DEBUG LibraryManager
Load Library - Web

2024-05-15 09:20:07,746 [T1] DEBUG LibraryManager
Load Library - Win

2024-05-15 09:20:07,762 [T1] DEBUG LibraryManager
Load Library - WorkFlow

2024-05-15 09:20:07,767 [T1] DEBUG LibraryManager
Load built-in script libraries

2024-05-15 09:20:07,907 [T1] INFO  LibraryManager
Load Libraries - Completed.

2024-05-15 09:20:07,913 [T1] INFO  App
Launch Arguments: Total: 6 |  -eid D_20240515_092005_263 -runtype ProcRunner -ppid 17980

2024-05-15 09:20:07,914 [T1] DEBUG Config
Refresh Language Information

2024-05-15 09:20:07,914 [T1] DEBUG LibraryManager
LibraryManager Initialized.

2024-05-15 09:20:09,134 [T8] INFO  JobService
Start Job: MyProcess (Foreground)
{
  "JobType": 1,
  "State": 0,
  "IsRunning": false,
  "ResultMessage": null,
  "StartTime": "2024-05-15 09:20:09",
  "EndTime": null,
  "JobId": "Designer_20240515_092009_028",
  "UserAuthentication": null,
  "ProcessPath": "C:\\BrityLockNLock\\p_NewProduct_RPA_SCM\\MyProcess.proc",
  "ProcessId": "9d750e41-5f7b-453c-8d62-6ffc591cde8f",
  "ProcessVer": "",
  "ProcessArgs": null,
  "RequesterType": 3,
  "RequesterId": "designer",
  "RequesterPID": 17980,
  "OptionsJsonString": null,
  "TimeoutSec": 0,
  "EngineID": "D_20240515_092005_263",
  "EnginePID": 0,
  "EngineRecommededVersion": "",
  "JobWorkDir": "C:\\BrityLockNLock\\p_NewProduct_RPA_SCM\\Histories\\20240515_092009_MyProcess_Designer_20240515_092009_028",
  "JobLogDir": "C:\\BrityLockNLock\\p_NewProduct_RPA_SCM\\Histories\\20240515_092009_MyProcess_Designer_20240515_092009_028\\Log",
  "JobScreenshotDir": "C:\\BrityLockNLock\\p_NewProduct_RPA_SCM\\Histories\\20240515_092009_MyProcess_Designer_20240515_092009_028\\Log\\Screenshot"
}

2024-05-15 09:20:09,225 [T6] DEBUG JobService
Waiting library loading...

2024-05-15 09:20:09,227 [T6] DEBUG Config
Reload User Settings

2024-05-15 09:20:09,228 [T6] INFO  JobService
Config Loading Completed.

2024-05-15 09:20:09,228 [T6] DEBUG JobService
Config Loading Time: 2 ms.

2024-05-15 09:20:09,231 [T6] DEBUG JobService
Check Shared Token

2024-05-15 09:20:09,232 [T6] DEBUG TokenManager
Load connection token

2024-05-15 09:20:09,233 [T6] DEBUG TokenManager
Clear Connection Token - No Shared Token

2024-05-15 09:20:09,240 [T6] DEBUG ServerInformationClient
get server features for engine bot from config.

2024-05-15 09:20:09,242 [T6] INFO  Config
Try to load server features from config.

2024-05-15 09:20:09,242 [T6] INFO  TokenManager
SecurityType : v2

2024-05-15 09:20:09,244 [T6] INFO  JobService
Shared Token - No Token

2024-05-15 09:20:09,247 [T6] INFO  JobManager
Create JobManager instance for job MyProcess(Designer_20240515_092009_028)

2024-05-15 09:20:09,252 [T6] INFO  JobRequest
Job ID : Designer_20240515_092009_028
Project Path  : C:\BrityLockNLock\p_NewProduct_RPA_SCM\p_NewProduct_RPA_SCM.proj
Process Name  : MyProcess
Engine Mode   : Designer
Requester Type: Designer
Requester PID : 17980

2024-05-15 09:20:09,254 [T4] INFO  JobRequest
Start Callback Sender

2024-05-15 09:20:09,254 [T4] DEBUG JobRequest
Step Callback Interval: 500

2024-05-15 09:20:09,279 [T6] DEBUG ProjectManager
Set Project Information

2024-05-15 09:20:09,300 [T6] INFO  PlayOptionManager
PlayOption
- Step Interval : 1
- Disable DrawBounds : False
- Invoke First : False
- Allow Upload of DumpScreen results : False

2024-05-15 09:20:09,301 [T6] INFO  JobRunner
Initialize Script Engine

2024-05-15 09:20:09,312 [T11-ScriptEngine] INFO  JobRequest
##############################################################
### STATE: Initializing
##############################################################


2024-05-15 09:20:09,324 [T4] DEBUG JobRequest
Callback - State: Initializing


2024-05-15 09:20:09,662 [T11-ScriptEngine] INFO  JobRequest
##############################################################
### STATE: Ready
##############################################################


2024-05-15 09:20:09,671 [T6] INFO  JobRunnerHook
HotKey Hook Started

2024-05-15 09:20:09,671 [T6] INFO  JobRequest
##############################################################
### STATE: Starting
##############################################################


2024-05-15 09:20:09,672 [T4] DEBUG JobRequest
Callback - State: Ready


2024-05-15 09:20:09,672 [T4] DEBUG JobRequest
Callback - State: Starting


2024-05-15 09:20:09,673 [T11-ScriptEngine] INFO  JobRunner
RunProcess start

2024-05-15 09:20:09,674 [T11-ScriptEngine] INFO  JobRequest
##############################################################
### STATE: Running
##############################################################


2024-05-15 09:20:09,674 [T11-ScriptEngine] INFO  JobRequest
Last job life cycle state: Running

2024-05-15 09:20:09,687 [T4] DEBUG JobRequest
Callback - State: Running


2024-05-15 09:20:09,834 [T11-ScriptEngine] WARN  ProcessDataValidator
It can be occurred a malfunction to play T1_before_Task,
because this system is different from designed system environment.
(OS, Resolution, etc)

2024-05-15 09:20:09,837 [T11-ScriptEngine] WARN  ProcessDataValidator
It can be occurred a malfunction to play tco_kill_process,
because this system is different from designed system environment.
(OS, Resolution, etc)

2024-05-15 09:20:09,840 [T11-ScriptEngine] WARN  ProcessDataValidator
It can be occurred a malfunction to play tco_config,
because this system is different from designed system environment.
(OS, Resolution, etc)

2024-05-15 09:20:10,532 [T11-ScriptEngine] DEBUG ScreenCapture
DirectX Screen Capture Initialized.

2024-05-15 09:20:10,598 [T11-ScriptEngine] DEBUG JobRunner
DirectX ScreenCapture Checked.

2024-05-15 09:20:10,617 [T11-ScriptEngine] INFO  JobRequest
##############################################################
### STATE: StartProcess - MyProcess
##############################################################
9d750e41-5f7b-453c-8d62-6ffc591cde8f
MyProcess


2024-05-15 09:20:10,661 [T11-ScriptEngine] INFO  JobRequest
**************************************************************
*** TASK: MyProcess
**************************************************************
 - STEP 1: S23aa70b068ac4b25adf3c7625fdd18ac (1/2) - (1/18)
 - [1] RunTask


2024-05-15 09:20:10,722 [T11-ScriptEngine] INFO  JobRequest
##############################################################
### STATE: StartTask - T1_before_Task
##############################################################
2537983c-d928-4592-8529-c1fd941c700d
T1_before_Task


2024-05-15 09:20:10,734 [T11-ScriptEngine] INFO  JobRequest
**************************************************************
*** TASK: T1_before_Task
**************************************************************
 - STEP 2: S64ba49f48afa47b092176e86cbdd4f53 (1/8) - (2/18)
 - [1] RunTask


2024-05-15 09:20:10,735 [T11-ScriptEngine] INFO  JobRequest
##############################################################
### STATE: StartTask - tco_kill_process
##############################################################
a661133b-f01d-4fe3-a057-130dfe2fae3c
tco_kill_process


2024-05-15 09:20:10,750 [T11-ScriptEngine] INFO  JobRequest
**************************************************************
*** TASK: tco_kill_process
**************************************************************
 - STEP 3: S87a80ebb00f1497f85cd370223b66663 (1/7) - (3/18)
 - [1] CloseAll


2024-05-15 09:20:10,774 [T11-ScriptEngine] DEBUG UIAHelper
CloseAll: excel.exe

2024-05-15 09:20:11,800 [T11-ScriptEngine] INFO  JobRequest
 - STEP 4: S97fd7e0ed2fd433c8c3bace9c4cf74bd (4/7) - (4/18)
 - [4] CloseAll


2024-05-15 09:20:11,802 [T11-ScriptEngine] DEBUG UIAHelper
CloseAll: chrome.exe

2024-05-15 09:20:12,820 [T11-ScriptEngine] INFO  JobRunner
[PASS] TASK: tco_kill_process

2024-05-15 09:20:12,843 [T11-ScriptEngine] INFO  JobRequest
##############################################################
### STATE: EndTask - tco_kill_process
##############################################################
a661133b-f01d-4fe3-a057-130dfe2fae3c
tco_kill_process


2024-05-15 09:20:12,852 [T11-ScriptEngine] INFO  JobRequest
**************************************************************
*** TASK: T1_before_Task
**************************************************************
 - STEP 5: Sbead5a5230b444ceb6bf2294c359c68e (2/8) - (5/18)
 - [2] Block


2024-05-15 09:20:12,868 [T11-ScriptEngine] INFO  JobRequest
 - STEP 6: Sf8b9ecbc42f14fcb88c646423f5b09b0 (3/8) - (6/18)
 - [3] ExecuteScript


2024-05-15 09:20:12,884 [T11-ScriptEngine] INFO  JobRequest
 - STEP 7: S8975f1f04dc1428db16185565f43821f (4/8) - (7/18)
 - [4] RunTask


2024-05-15 09:20:12,887 [T11-ScriptEngine] INFO  JobRequest
##############################################################
### STATE: StartTask - tco_config
##############################################################
02db42fa-f0c2-4aab-8e19-952fea6305c3
tco_config


2024-05-15 09:20:12,900 [T11-ScriptEngine] INFO  JobRequest
**************************************************************
*** TASK: tco_config
**************************************************************
 - STEP 8: S45bab63c4786483698a629950d8440a0 (3/10) - (8/18)
 - [3] IfThen


2024-05-15 09:20:12,916 [T11-ScriptEngine] INFO  JobRequest
 - STEP 9: Sc972bbc7e1a2424e90fdfec2fd3a95e9 (4/10) - (9/18)
 - [4] OpenExcel


2024-05-15 09:20:16,089 [T11-ScriptEngine] INFO  JobRequest
 - STEP 10: S35e65cc4f0c040719be071d6a0a6338f (5/10) - (10/18)
 - [5] ExecuteMacro


2024-05-15 09:20:16,581 [T11-ScriptEngine] INFO  JobRequest
 - STEP 11: S01120c5dd0f34d6f923b5180596a0620 (6/10) - (11/18)
 - [6] CloseExcel


2024-05-15 09:20:16,594 [T11-ScriptEngine] DEBUG ExcelBase
DisposeExcel

2024-05-15 09:20:17,773 [T11-ScriptEngine] INFO  JobRequest
 - STEP 12: S902ba0407b5b4a8784a25eacbd6ce2f6 (7/10) - (12/18)
 - [7] End-IfThen


2024-05-15 09:20:17,788 [T11-ScriptEngine] INFO  JobRequest
 - STEP 13: Sfd50655a7aeb4aa49af6ac3ab6947269 (8/10) - (13/18)
 - [8] ExecuteScript


2024-05-15 09:20:17,820 [T11-ScriptEngine] INFO  JobRequest
 - STEP 14: Se4310e79f3fd4dfc91c5efb4f6b2c2eb (9/10) - (14/18)
 - [9] GetSpecialFolder


2024-05-15 09:20:17,836 [T11-ScriptEngine] INFO  JobRequest
 - STEP 15: Sd231ebaf79ba48bd900d24535d9e654e (10/10) - (15/18)
 - [10] ExecuteScript


2024-05-15 09:20:17,836 [T11-ScriptEngine] INFO  JobRunner
[PASS] TASK: tco_config

2024-05-15 09:20:17,837 [T11-ScriptEngine] INFO  JobRequest
##############################################################
### STATE: EndTask - tco_config
##############################################################
02db42fa-f0c2-4aab-8e19-952fea6305c3
tco_config


2024-05-15 09:20:17,852 [T11-ScriptEngine] INFO  JobRequest
**************************************************************
*** TASK: T1_before_Task
**************************************************************
 - STEP 16: S8498a872428249a5a6fd4ce4d675f950 (5/8) - (16/18)
 - [5] ExecuteScript


2024-05-15 09:20:17,868 [T11-ScriptEngine] INFO  JobRequest
 - STEP 17: Sd97ace96c2a24b0490f658bdb8348627 (6/8) - (17/18)
 - [6] ExecuteScript


2024-05-15 09:20:17,870 [T11-ScriptEngine] INFO  JobRunner
Try Pause

2024-05-15 09:20:17,870 [T11-ScriptEngine] INFO  JobRequest
##############################################################
### STATE: Paused
##############################################################


2024-05-15 09:20:17,870 [T11-ScriptEngine] INFO  JobRequest
Last job life cycle state: Paused

2024-05-15 09:20:17,883 [T4] DEBUG JobRequest
Callback - State: Paused


2024-05-15 09:20:45,272 [T8] INFO  JobService
Stop Job

2024-05-15 09:20:45,274 [T8] INFO  JobRunner
Stop Job Runner - Cause: LocalUser / Message: stop by user

2024-05-15 09:20:45,275 [T8] INFO  JobRequest
##############################################################
### STATE: Stopping
##############################################################
stop by user


2024-05-15 09:20:45,285 [T11-ScriptEngine] DEBUG JobRunner
RunTask Interrupted. TASK: T1_before_Task => Script execution interrupted by host

2024-05-15 09:20:45,285 [T4] DEBUG JobRequest
Callback - State: Stopping
stop by user

2024-05-15 09:20:45,290 [T11-ScriptEngine] DEBUG JobRunner
RunTask Interrupted. TASK: MyProcess => Thread was interrupted from a waiting state.

2024-05-15 09:20:45,309 [T11-ScriptEngine] DEBUG JobManager
Set Result State: Stopped

2024-05-15 09:20:45,312 [T11-ScriptEngine] INFO  JobRunner
Make report.

2024-05-15 09:20:45,348 [T11-ScriptEngine] INFO  JobRunner
Start to clean up resources.

2024-05-15 09:20:45,349 [T11-ScriptEngine] DEBUG JobRunner
OnProcessCompleted

2024-05-15 09:20:45,349 [T28] DEBUG JobRunner
Start timer for checking the job to be completed.

2024-05-15 09:20:45,349 [T11-ScriptEngine] INFO  JobRunner
Start to clean up resources.

2024-05-15 09:20:45,350 [T11-ScriptEngine] DEBUG JobRunner
Remove all Process Stack: 2

2024-05-15 09:20:45,352 [T11-ScriptEngine] INFO  JobRequest
##############################################################
### STATE: EndTask - T1_before_Task
##############################################################
2537983c-d928-4592-8529-c1fd941c700d
T1_before_Task


2024-05-15 09:20:45,352 [T11-ScriptEngine] INFO  JobRequest
##############################################################
### STATE: EndProcess - MyProcess
##############################################################
9d750e41-5f7b-453c-8d62-6ffc591cde8f
MyProcess


2024-05-15 09:20:45,352 [T11-ScriptEngine] DEBUG JobRunner
Remove all libraries

2024-05-15 09:20:45,360 [T11-ScriptEngine] DEBUG NetPlayer
WebPlayer OnDispose

2024-05-15 09:20:45,361 [T11-ScriptEngine] DEBUG WebPlayer
WebPlayer OnDispose : Do Nothing

2024-05-15 09:20:45,363 [T11-ScriptEngine] DEBUG UiaAppHelper
WinHelper DisposeAppList Count: 0

2024-05-15 09:20:45,364 [T11-ScriptEngine] INFO  JobRunner
All Resources Clear

2024-05-15 09:20:45,366 [T11-ScriptEngine] DEBUG JobRunner
OnCompleted

2024-05-15 09:20:45,366 [T11-ScriptEngine] DEBUG JobRunner
SendJobResult: Stopped

2024-05-15 09:20:45,366 [T11-ScriptEngine] INFO  JobRequest
##############################################################
### STATE: Stopped
##############################################################
Process: MyProcess
Task: T1_before_Task
Step: ExecuteScript (6/8)

Stopped by User


2024-05-15 09:20:45,366 [T11-ScriptEngine] INFO  JobRequest
Last job life cycle state: Stopped

2024-05-15 09:20:45,366 [T11-ScriptEngine] INFO  JobRequest
Update skipped current step informations.

2024-05-15 09:20:45,373 [T11-ScriptEngine] INFO  JobRequest
##############################################################
### JOB COMPLETED
##############################################################


2024-05-15 09:20:45,380 [T4] DEBUG JobRequest
Callback - State: Stopped
Process: MyProcess
Task: T1_before_Task
Step: ExecuteScript (6/8)

Stopped by User

