2024-05-15 09:20:45,884 [T1] INFO  EngineStarter
BOT Engine Start - v3.1.124.00426 at 5/15/2024 9:20:45 AM
EngineID: D_20240515_092045_381
PID : 11856
PPID: 17980
Working Directory: C:\Users\PC\AppData\Roaming\Brity RPA Designer

2024-05-15 09:20:45,897 [T1] INFO  EngineStarter
System Language: en-US
Resolution: 1920 x 1080

2024-05-15 09:20:46,071 [T1] INFO  Config
Initialize Config

2024-05-15 09:20:46,093 [T1] DEBUG Config
Config Loaded

2024-05-15 09:20:46,097 [T1] DEBUG Config
Backup config file.

2024-05-15 09:20:46,103 [T1] INFO  Config
Orchestrator Service => https://bwrpa.samsungsds.com:8777

2024-05-15 09:20:46,106 [T1] INFO  Config
Initialize Resource Config

2024-05-15 09:20:46,123 [T1] DEBUG Config
Refresh Language Information

2024-05-15 09:20:46,166 [T1] INFO  Config
All Config Initialized.

2024-05-15 09:20:46,170 [T1] DEBUG KeyManager
Initialize KeyManager

2024-05-15 09:20:46,171 [T1] DEBUG KeyManager
Load device unique id.

2024-05-15 09:20:46,178 [T1] DEBUG KeyManager
Device ID is initialized.

2024-05-15 09:20:46,203 [T1] INFO  CertLicenseClient
Initialize certificate.

2024-05-15 09:20:46,205 [T1] DEBUG CertLicenseClient
Set Security Protocol: Tls12

2024-05-15 09:20:46,228 [T4] DEBUG JobService
Connect to agent service

2024-05-15 09:20:46,235 [T4] DEBUG JobService
JobService URL : net.tcp://127.0.0.1:59001/rpa/agent

2024-05-15 09:20:46,235 [T4] DEBUG JobService
Open connection

2024-05-15 09:20:46,241 [T4] DEBUG JobService
Register engine to agent

2024-05-15 09:20:46,243 [T4] DEBUG JobService
Engine is connected to agent service.

2024-05-15 09:20:46,243 [T4] DEBUG JobService
Owner Process PID: 17980

2024-05-15 09:20:46,246 [T4] INFO  JobService
Start monitoring owner process is terminated.

2024-05-15 09:20:46,251 [T1] DEBUG ApplicationInitializer
InitMode: Thread

2024-05-15 09:20:46,258 [T1] INFO  LibraryManager
Load Libraries - Started

2024-05-15 09:20:46,266 [T1] DEBUG AddInLoader
Load Assembly : IPA.Lib.Chrome

2024-05-15 09:20:46,420 [T1] DEBUG AddInLoader
Load Assembly : IPA.Lib.Desktop

2024-05-15 09:20:46,546 [T1] DEBUG AddInLoader
Load Assembly : IPA.Lib.Excel

2024-05-15 09:20:46,654 [T1] DEBUG AddInLoader
Load Assembly : IPA.Lib.Flow

2024-05-15 09:20:46,734 [T1] DEBUG AddInLoader
Load Assembly : IPA.Lib.IE

2024-05-15 09:20:46,800 [T1] DEBUG AddInLoader
Load Assembly : IPA.Lib.ImageConverter

2024-05-15 09:20:46,844 [T1] DEBUG AddInLoader
Load Assembly : IPA.Lib.ImageRecognition

2024-05-15 09:20:46,977 [T1] DEBUG AddInLoader
Load Assembly : IPA.Lib.MicrosoftOCR

2024-05-15 09:20:47,029 [T1] DEBUG AddInLoader
Load Assembly : IPA.Lib.Net

2024-05-15 09:20:47,086 [T1] DEBUG AddInLoader
Load Assembly : IPA.Lib.Orchestra

2024-05-15 09:20:47,146 [T1] DEBUG AddInLoader
Load Assembly : IPA.Lib.ProcessFlow

2024-05-15 09:20:47,208 [T1] DEBUG AddInLoader
Load Assembly : IPA.Lib.SAP

2024-05-15 09:20:47,281 [T1] DEBUG AddInLoader
Load Assembly : IPA.Lib.Web

2024-05-15 09:20:47,362 [T1] DEBUG AddInLoader
Load Assembly : IPA.Lib.Win

2024-05-15 09:20:47,461 [T1] INFO  ScreenCapture
Default Screen Capture Bounds: 0,0,1920,1080

2024-05-15 09:20:47,481 [T1] DEBUG AddInLoader
Load Assembly : BrityRPA.AddIn.NativeApp

2024-05-15 09:20:47,564 [T1] DEBUG AddInLoader
Load Assembly : BrityWorks.AddIn.Outlook

2024-05-15 09:20:47,614 [T1] DEBUG AddInLoader
Load Assembly : BrityWorks.AddIn.Pdf

2024-05-15 09:20:47,678 [T1] DEBUG LibraryManager
Load Library - Chrome

2024-05-15 09:20:47,694 [T1] DEBUG LibraryManager
Load Library - Desktop

2024-05-15 09:20:47,710 [T1] DEBUG LibraryManager
Load Library - Excel

2024-05-15 09:20:47,726 [T1] DEBUG LibraryManager
Load Library - Flow

2024-05-15 09:20:47,742 [T1] DEBUG LibraryManager
Load Library - IE

2024-05-15 09:20:47,758 [T1] DEBUG LibraryManager
Load Library - ImageConverter

2024-05-15 09:20:47,774 [T1] DEBUG LibraryManager
Load Library - ImageRecognition

2024-05-15 09:20:47,790 [T1] DEBUG LibraryManager
Load Library - MicrosoftOCR

2024-05-15 09:20:47,806 [T1] DEBUG LibraryManager
Load Library - NativeApp

2024-05-15 09:20:47,822 [T1] DEBUG LibraryManager
Load Library - Net

2024-05-15 09:20:47,838 [T1] DEBUG LibraryManager
Load Library - Orchestra

2024-05-15 09:20:47,854 [T1] DEBUG LibraryManager
Load Library - Outlook

2024-05-15 09:20:47,869 [T1] DEBUG LibraryManager
Load Library - Pdf

2024-05-15 09:20:47,885 [T1] DEBUG LibraryManager
Load Library - SAP

2024-05-15 09:20:47,901 [T1] DEBUG LibraryManager
Load Library - Web

2024-05-15 09:20:47,917 [T1] DEBUG LibraryManager
Load Library - Win

2024-05-15 09:20:47,933 [T1] DEBUG LibraryManager
Load Library - WorkFlow

2024-05-15 09:20:47,936 [T1] DEBUG LibraryManager
Load built-in script libraries

2024-05-15 09:20:48,080 [T1] INFO  LibraryManager
Load Libraries - Completed.

2024-05-15 09:20:48,087 [T1] INFO  App
Launch Arguments: Total: 6 |  -eid D_20240515_092045_381 -runtype ProcRunner -ppid 17980

2024-05-15 09:20:48,088 [T1] DEBUG Config
Refresh Language Information

2024-05-15 09:20:48,088 [T1] DEBUG LibraryManager
LibraryManager Initialized.

2024-05-15 09:21:48,532 [T8] INFO  JobService
Start Job: MyProcess (Foreground)
{
  "JobType": 1,
  "State": 0,
  "IsRunning": false,
  "ResultMessage": null,
  "StartTime": "2024-05-15 09:21:48",
  "EndTime": null,
  "JobId": "Designer_20240515_092148_405",
  "UserAuthentication": null,
  "ProcessPath": "C:\\BrityLockNLock\\p_NewProduct_RPA_SCM\\MyProcess.proc",
  "ProcessId": "9d750e41-5f7b-453c-8d62-6ffc591cde8f",
  "ProcessVer": "",
  "ProcessArgs": null,
  "RequesterType": 3,
  "RequesterId": "designer",
  "RequesterPID": 17980,
  "OptionsJsonString": null,
  "TimeoutSec": 0,
  "EngineID": "D_20240515_092045_381",
  "EnginePID": 0,
  "EngineRecommededVersion": "",
  "JobWorkDir": "C:\\BrityLockNLock\\p_NewProduct_RPA_SCM\\Histories\\20240515_092148_MyProcess_Designer_20240515_092148_405",
  "JobLogDir": "C:\\BrityLockNLock\\p_NewProduct_RPA_SCM\\Histories\\20240515_092148_MyProcess_Designer_20240515_092148_405\\Log",
  "JobScreenshotDir": "C:\\BrityLockNLock\\p_NewProduct_RPA_SCM\\Histories\\20240515_092148_MyProcess_Designer_20240515_092148_405\\Log\\Screenshot"
}

2024-05-15 09:21:48,629 [T9] DEBUG JobService
Waiting library loading...

2024-05-15 09:21:48,631 [T9] DEBUG Config
Reload User Settings

2024-05-15 09:21:48,632 [T9] INFO  Config
UserSettings Reloaded =>
 - LastExecution : OaRBifrsqICELBYKudzSSdPr7QVbEFzPsx+eU2J0Zuk= -> sFtLkWfWK4/AQsDR6+YBw57AVdNSfg5IvJUFablWsbY=

2024-05-15 09:21:48,632 [T9] INFO  JobService
Config Loading Completed.

2024-05-15 09:21:48,632 [T9] DEBUG JobService
Config Loading Time: 2 ms.

2024-05-15 09:21:48,635 [T9] DEBUG JobService
Check Shared Token

2024-05-15 09:21:48,636 [T9] DEBUG TokenManager
Load connection token

2024-05-15 09:21:48,637 [T9] DEBUG TokenManager
Clear Connection Token - No Shared Token

2024-05-15 09:21:48,643 [T9] DEBUG ServerInformationClient
get server features for engine bot from config.

2024-05-15 09:21:48,644 [T9] INFO  Config
Try to load server features from config.

2024-05-15 09:21:48,645 [T9] INFO  TokenManager
SecurityType : v2

2024-05-15 09:21:48,647 [T9] INFO  JobService
Shared Token - No Token

2024-05-15 09:21:48,651 [T9] INFO  JobManager
Create JobManager instance for job MyProcess(Designer_20240515_092148_405)

2024-05-15 09:21:48,656 [T9] INFO  JobRequest
Job ID : Designer_20240515_092148_405
Project Path  : C:\BrityLockNLock\p_NewProduct_RPA_SCM\p_NewProduct_RPA_SCM.proj
Process Name  : MyProcess
Engine Mode   : Designer
Requester Type: Designer
Requester PID : 17980

2024-05-15 09:21:48,658 [T10] INFO  JobRequest
Start Callback Sender

2024-05-15 09:21:48,658 [T10] DEBUG JobRequest
Step Callback Interval: 500

2024-05-15 09:21:48,683 [T9] DEBUG ProjectManager
Set Project Information

2024-05-15 09:21:48,704 [T9] INFO  PlayOptionManager
PlayOption
- Step Interval : 1
- Disable DrawBounds : False
- Invoke First : False
- Allow Upload of DumpScreen results : False

2024-05-15 09:21:48,705 [T9] INFO  JobRunner
Initialize Script Engine

2024-05-15 09:21:48,718 [T12-ScriptEngine] INFO  JobRequest
##############################################################
### STATE: Initializing
##############################################################


2024-05-15 09:21:48,730 [T10] DEBUG JobRequest
Callback - State: Initializing


2024-05-15 09:21:49,101 [T12-ScriptEngine] INFO  JobRequest
##############################################################
### STATE: Ready
##############################################################


2024-05-15 09:21:49,106 [T10] DEBUG JobRequest
Callback - State: Ready


2024-05-15 09:21:49,110 [T9] INFO  JobRunnerHook
HotKey Hook Started

2024-05-15 09:21:49,110 [T9] INFO  JobRequest
##############################################################
### STATE: Starting
##############################################################


2024-05-15 09:21:49,111 [T12-ScriptEngine] INFO  JobRunner
RunProcess start

2024-05-15 09:21:49,113 [T12-ScriptEngine] INFO  JobRequest
##############################################################
### STATE: Running
##############################################################


2024-05-15 09:21:49,113 [T12-ScriptEngine] INFO  JobRequest
Last job life cycle state: Running

2024-05-15 09:21:49,122 [T10] DEBUG JobRequest
Callback - State: Starting


2024-05-15 09:21:49,122 [T10] DEBUG JobRequest
Callback - State: Running


2024-05-15 09:21:49,283 [T12-ScriptEngine] WARN  ProcessDataValidator
It can be occurred a malfunction to play T1_before_Task,
because this system is different from designed system environment.
(OS, Resolution, etc)

2024-05-15 09:21:49,286 [T12-ScriptEngine] WARN  ProcessDataValidator
It can be occurred a malfunction to play tco_kill_process,
because this system is different from designed system environment.
(OS, Resolution, etc)

2024-05-15 09:21:49,288 [T12-ScriptEngine] WARN  ProcessDataValidator
It can be occurred a malfunction to play tco_config,
because this system is different from designed system environment.
(OS, Resolution, etc)

2024-05-15 09:21:49,995 [T12-ScriptEngine] DEBUG ScreenCapture
DirectX Screen Capture Initialized.

2024-05-15 09:21:50,063 [T12-ScriptEngine] DEBUG JobRunner
DirectX ScreenCapture Checked.

2024-05-15 09:21:50,083 [T12-ScriptEngine] INFO  JobRequest
##############################################################
### STATE: StartProcess - MyProcess
##############################################################
9d750e41-5f7b-453c-8d62-6ffc591cde8f
MyProcess


2024-05-15 09:21:50,128 [T12-ScriptEngine] INFO  JobRequest
**************************************************************
*** TASK: MyProcess
**************************************************************
 - STEP 1: S23aa70b068ac4b25adf3c7625fdd18ac (1/2) - (1/20)
 - [1] RunTask


2024-05-15 09:21:50,194 [T12-ScriptEngine] INFO  JobRequest
##############################################################
### STATE: StartTask - T1_before_Task
##############################################################
2537983c-d928-4592-8529-c1fd941c700d
T1_before_Task


2024-05-15 09:21:50,215 [T12-ScriptEngine] INFO  JobRequest
**************************************************************
*** TASK: T1_before_Task
**************************************************************
 - STEP 2: S64ba49f48afa47b092176e86cbdd4f53 (1/8) - (2/20)
 - [1] RunTask


2024-05-15 09:21:50,216 [T12-ScriptEngine] INFO  JobRequest
##############################################################
### STATE: StartTask - tco_kill_process
##############################################################
a661133b-f01d-4fe3-a057-130dfe2fae3c
tco_kill_process


2024-05-15 09:21:50,231 [T12-ScriptEngine] INFO  JobRequest
**************************************************************
*** TASK: tco_kill_process
**************************************************************
 - STEP 3: S87a80ebb00f1497f85cd370223b66663 (1/7) - (3/20)
 - [1] CloseAll


2024-05-15 09:21:50,255 [T12-ScriptEngine] DEBUG UIAHelper
CloseAll: excel.exe

2024-05-15 09:21:51,280 [T12-ScriptEngine] INFO  JobRequest
 - STEP 4: S97fd7e0ed2fd433c8c3bace9c4cf74bd (4/7) - (4/20)
 - [4] CloseAll


2024-05-15 09:21:51,280 [T12-ScriptEngine] DEBUG UIAHelper
CloseAll: chrome.exe

2024-05-15 09:21:52,298 [T12-ScriptEngine] INFO  JobRunner
[PASS] TASK: tco_kill_process

2024-05-15 09:21:52,314 [T12-ScriptEngine] INFO  JobRequest
##############################################################
### STATE: EndTask - tco_kill_process
##############################################################
a661133b-f01d-4fe3-a057-130dfe2fae3c
tco_kill_process


2024-05-15 09:21:52,329 [T12-ScriptEngine] INFO  JobRequest
**************************************************************
*** TASK: T1_before_Task
**************************************************************
 - STEP 5: Sbead5a5230b444ceb6bf2294c359c68e (2/8) - (5/20)
 - [2] Block


2024-05-15 09:21:52,345 [T12-ScriptEngine] INFO  JobRequest
 - STEP 6: Sf8b9ecbc42f14fcb88c646423f5b09b0 (3/8) - (6/20)
 - [3] ExecuteScript


2024-05-15 09:21:52,361 [T12-ScriptEngine] INFO  JobRequest
 - STEP 7: S8975f1f04dc1428db16185565f43821f (4/8) - (7/20)
 - [4] RunTask


2024-05-15 09:21:52,363 [T12-ScriptEngine] INFO  JobRequest
##############################################################
### STATE: StartTask - tco_config
##############################################################
02db42fa-f0c2-4aab-8e19-952fea6305c3
tco_config


2024-05-15 09:21:52,377 [T12-ScriptEngine] INFO  JobRequest
**************************************************************
*** TASK: tco_config
**************************************************************
 - STEP 8: S45bab63c4786483698a629950d8440a0 (3/10) - (8/20)
 - [3] IfThen


2024-05-15 09:21:52,393 [T12-ScriptEngine] INFO  JobRequest
 - STEP 9: Sc972bbc7e1a2424e90fdfec2fd3a95e9 (4/10) - (9/20)
 - [4] OpenExcel


2024-05-15 09:21:55,545 [T12-ScriptEngine] INFO  JobRequest
 - STEP 10: S35e65cc4f0c040719be071d6a0a6338f (5/10) - (10/20)
 - [5] ExecuteMacro


2024-05-15 09:21:56,035 [T12-ScriptEngine] INFO  JobRequest
 - STEP 11: S01120c5dd0f34d6f923b5180596a0620 (6/10) - (11/20)
 - [6] CloseExcel


2024-05-15 09:21:56,048 [T12-ScriptEngine] DEBUG ExcelBase
DisposeExcel

2024-05-15 09:21:57,241 [T12-ScriptEngine] INFO  JobRequest
 - STEP 12: S902ba0407b5b4a8784a25eacbd6ce2f6 (7/10) - (12/20)
 - [7] End-IfThen


2024-05-15 09:21:57,257 [T12-ScriptEngine] INFO  JobRequest
 - STEP 13: Sfd50655a7aeb4aa49af6ac3ab6947269 (8/10) - (13/20)
 - [8] ExecuteScript


2024-05-15 09:21:57,289 [T12-ScriptEngine] INFO  JobRequest
 - STEP 14: Se4310e79f3fd4dfc91c5efb4f6b2c2eb (9/10) - (14/20)
 - [9] GetSpecialFolder


2024-05-15 09:21:57,304 [T12-ScriptEngine] INFO  JobRequest
 - STEP 15: Sd231ebaf79ba48bd900d24535d9e654e (10/10) - (15/20)
 - [10] ExecuteScript


2024-05-15 09:21:57,304 [T12-ScriptEngine] INFO  JobRunner
[PASS] TASK: tco_config

2024-05-15 09:21:57,305 [T12-ScriptEngine] INFO  JobRequest
##############################################################
### STATE: EndTask - tco_config
##############################################################
02db42fa-f0c2-4aab-8e19-952fea6305c3
tco_config


2024-05-15 09:21:57,320 [T12-ScriptEngine] INFO  JobRequest
**************************************************************
*** TASK: T1_before_Task
**************************************************************
 - STEP 16: S8498a872428249a5a6fd4ce4d675f950 (5/8) - (16/20)
 - [5] ExecuteScript


2024-05-15 09:21:57,335 [T12-ScriptEngine] INFO  JobRequest
 - STEP 17: Sd97ace96c2a24b0490f658bdb8348627 (6/8) - (17/20)
 - [6] ExecuteScript


2024-05-15 09:21:57,336 [T12-ScriptEngine] INFO  JobRunner
Try Pause

2024-05-15 09:21:57,336 [T12-ScriptEngine] INFO  JobRequest
##############################################################
### STATE: Paused
##############################################################


2024-05-15 09:21:57,336 [T12-ScriptEngine] INFO  JobRequest
Last job life cycle state: Paused

2024-05-15 09:21:57,351 [T10] DEBUG JobRequest
Callback - State: Paused


2024-05-15 09:22:01,841 [T8] INFO  JobService
ResumeJob

2024-05-15 09:22:01,842 [T8] INFO  JobRunner
Try Resume

2024-05-15 09:22:01,842 [T8] INFO  JobRequest
##############################################################
### STATE: Running
##############################################################


2024-05-15 09:22:01,842 [T8] INFO  JobRequest
Last job life cycle state: Running

2024-05-15 09:22:01,861 [T12-ScriptEngine] INFO  JobRequest
 - STEP 18: Sb0b951054b4a434dbabaf2eadcd2ece0 (8/8) - (18/20)
 - [8] End-Block


2024-05-15 09:22:01,861 [T10] DEBUG JobRequest
Callback - State: Running


2024-05-15 09:22:01,861 [T12-ScriptEngine] INFO  JobRunner
[PASS] TASK: T1_before_Task

2024-05-15 09:22:01,863 [T12-ScriptEngine] INFO  JobRequest
##############################################################
### STATE: EndTask - T1_before_Task
##############################################################
2537983c-d928-4592-8529-c1fd941c700d
T1_before_Task


2024-05-15 09:22:01,877 [T12-ScriptEngine] INFO  JobRequest
**************************************************************
*** TASK: MyProcess
**************************************************************
 - STEP 19: S623ab20c8c11496381cd30958eececd5 (2/2) - (19/20)
 - [2] RunTask


2024-05-15 09:22:01,878 [T12-ScriptEngine] INFO  JobRequest
##############################################################
### STATE: StartTask - T_출하실적_Shipment_Performance
##############################################################
694f54f7-f344-4340-bc21-3a225db05942
T_출하실적_Shipment_Performance


2024-05-15 09:22:01,893 [T12-ScriptEngine] INFO  JobRequest
**************************************************************
*** TASK: T_출하실적_Shipment_Performance
**************************************************************
 - STEP 20: S8e80227aefc7465f82ecf9c5b1fa6072 (1/1) - (20/20)
 - [1] OpenExcel


2024-05-15 09:22:25,694 [T12-ScriptEngine] INFO  JobRunner
[PASS] TASK: T_출하실적_Shipment_Performance

2024-05-15 09:22:25,696 [T12-ScriptEngine] INFO  JobRequest
##############################################################
### STATE: EndTask - T_출하실적_Shipment_Performance
##############################################################
694f54f7-f344-4340-bc21-3a225db05942
T_출하실적_Shipment_Performance


2024-05-15 09:22:25,696 [T12-ScriptEngine] INFO  JobRunner
[PASS] TASK: MyProcess

2024-05-15 09:22:25,696 [T12-ScriptEngine] INFO  JobRequest
##############################################################
### STATE: EndProcess - MyProcess
##############################################################
9d750e41-5f7b-453c-8d62-6ffc591cde8f
MyProcess


2024-05-15 09:22:25,711 [T12-ScriptEngine] INFO  JobRunner
RunProcess - Job Result: {}

2024-05-15 09:22:25,711 [T12-ScriptEngine] DEBUG JobManager
Set Result State: Completed

2024-05-15 09:22:25,714 [T12-ScriptEngine] INFO  JobRunner
Make report.

2024-05-15 09:22:25,738 [T12-ScriptEngine] INFO  JobRunner
Start to clean up resources.

2024-05-15 09:22:25,739 [T12-ScriptEngine] DEBUG JobRunner
OnProcessCompleted

2024-05-15 09:22:25,739 [T26] DEBUG JobRunner
Start timer for checking the job to be completed.

2024-05-15 09:22:25,740 [T12-ScriptEngine] DEBUG ExcelBase
DisposeExcel

2024-05-15 09:22:25,756 [T12-ScriptEngine] INFO  JobRunner
Start to clean up resources.

2024-05-15 09:22:25,758 [T12-ScriptEngine] DEBUG JobRunner
Remove all libraries

2024-05-15 09:22:25,766 [T12-ScriptEngine] DEBUG NetPlayer
WebPlayer OnDispose

2024-05-15 09:22:25,768 [T12-ScriptEngine] DEBUG WebPlayer
WebPlayer OnDispose : Do Nothing

2024-05-15 09:22:25,770 [T12-ScriptEngine] DEBUG UiaAppHelper
WinHelper DisposeAppList Count: 0

2024-05-15 09:22:25,770 [T12-ScriptEngine] INFO  JobRunner
All Resources Clear

2024-05-15 09:22:25,772 [T12-ScriptEngine] DEBUG JobRunner
OnCompleted

2024-05-15 09:22:25,772 [T12-ScriptEngine] DEBUG JobRunner
SendJobResult: Completed

2024-05-15 09:22:25,772 [T12-ScriptEngine] INFO  JobRequest
##############################################################
### STATE: Completed
##############################################################
{}


2024-05-15 09:22:25,772 [T12-ScriptEngine] INFO  JobRequest
Last job life cycle state: Completed

2024-05-15 09:22:25,772 [T12-ScriptEngine] INFO  JobRequest
Update skipped current step informations.

2024-05-15 09:22:25,780 [T12-ScriptEngine] INFO  JobRequest
##############################################################
### JOB COMPLETED
##############################################################


2024-05-15 09:22:25,786 [T10] DEBUG JobRequest
Callback - State: Completed
{}

2024-05-15 09:22:25,786 [T10] INFO  JobRequest
Callback - EngineClosed

2024-05-15 09:22:25,787 [T10] INFO  JobService
Disconnect agent service

2024-05-15 09:22:25,787 [T10] DEBUG JobRequest
End of Callback Sender

