2024-05-15 09:18:28,013 [T1] INFO  EngineStarter
BOT Engine Start - v3.1.124.00426 at 5/15/2024 9:18:28 AM
EngineID: D_20240515_091827_521
PID : 13864
PPID: 17980
Working Directory: C:\Users\PC\AppData\Roaming\Brity RPA Designer

2024-05-15 09:18:28,025 [T1] INFO  EngineStarter
System Language: en-US
Resolution: 1920 x 1080

2024-05-15 09:18:28,199 [T1] INFO  Config
Initialize Config

2024-05-15 09:18:28,221 [T1] DEBUG Config
Config Loaded

2024-05-15 09:18:28,225 [T1] DEBUG Config
Backup config file.

2024-05-15 09:18:28,231 [T1] INFO  Config
Orchestrator Service => https://bwrpa.samsungsds.com:8777

2024-05-15 09:18:28,234 [T1] INFO  Config
Initialize Resource Config

2024-05-15 09:18:28,251 [T1] DEBUG Config
Refresh Language Information

2024-05-15 09:18:28,295 [T1] INFO  Config
All Config Initialized.

2024-05-15 09:18:28,299 [T1] DEBUG KeyManager
Initialize KeyManager

2024-05-15 09:18:28,300 [T1] DEBUG KeyManager
Load device unique id.

2024-05-15 09:18:28,306 [T1] DEBUG KeyManager
Device ID is initialized.

2024-05-15 09:18:28,331 [T1] INFO  CertLicenseClient
Initialize certificate.

2024-05-15 09:18:28,333 [T1] DEBUG CertLicenseClient
Set Security Protocol: Tls12

2024-05-15 09:18:28,357 [T4] DEBUG JobService
Connect to agent service

2024-05-15 09:18:28,364 [T4] DEBUG JobService
JobService URL : net.tcp://127.0.0.1:59001/rpa/agent

2024-05-15 09:18:28,364 [T4] DEBUG JobService
Open connection

2024-05-15 09:18:28,370 [T4] DEBUG JobService
Register engine to agent

2024-05-15 09:18:28,372 [T4] DEBUG JobService
Engine is connected to agent service.

2024-05-15 09:18:28,372 [T4] DEBUG JobService
Owner Process PID: 17980

2024-05-15 09:18:28,375 [T4] INFO  JobService
Start monitoring owner process is terminated.

2024-05-15 09:18:28,379 [T1] DEBUG ApplicationInitializer
InitMode: Thread

2024-05-15 09:18:28,386 [T1] INFO  LibraryManager
Load Libraries - Started

2024-05-15 09:18:28,394 [T1] DEBUG AddInLoader
Load Assembly : IPA.Lib.Chrome

2024-05-15 09:18:28,548 [T1] DEBUG AddInLoader
Load Assembly : IPA.Lib.Desktop

2024-05-15 09:18:28,670 [T1] DEBUG AddInLoader
Load Assembly : IPA.Lib.Excel

2024-05-15 09:18:28,783 [T1] DEBUG AddInLoader
Load Assembly : IPA.Lib.Flow

2024-05-15 09:18:28,862 [T1] DEBUG AddInLoader
Load Assembly : IPA.Lib.IE

2024-05-15 09:18:28,924 [T1] DEBUG AddInLoader
Load Assembly : IPA.Lib.ImageConverter

2024-05-15 09:18:28,969 [T1] DEBUG AddInLoader
Load Assembly : IPA.Lib.ImageRecognition

2024-05-15 09:18:29,104 [T1] DEBUG AddInLoader
Load Assembly : IPA.Lib.MicrosoftOCR

2024-05-15 09:18:29,158 [T1] DEBUG AddInLoader
Load Assembly : IPA.Lib.Net

2024-05-15 09:18:29,215 [T1] DEBUG AddInLoader
Load Assembly : IPA.Lib.Orchestra

2024-05-15 09:18:29,275 [T1] DEBUG AddInLoader
Load Assembly : IPA.Lib.ProcessFlow

2024-05-15 09:18:29,337 [T1] DEBUG AddInLoader
Load Assembly : IPA.Lib.SAP

2024-05-15 09:18:29,411 [T1] DEBUG AddInLoader
Load Assembly : IPA.Lib.Web

2024-05-15 09:18:29,491 [T1] DEBUG AddInLoader
Load Assembly : IPA.Lib.Win

2024-05-15 09:18:29,584 [T1] INFO  ScreenCapture
Default Screen Capture Bounds: 0,0,1920,1080

2024-05-15 09:18:29,603 [T1] DEBUG AddInLoader
Load Assembly : BrityRPA.AddIn.NativeApp

2024-05-15 09:18:29,685 [T1] DEBUG AddInLoader
Load Assembly : BrityWorks.AddIn.Outlook

2024-05-15 09:18:29,740 [T1] DEBUG AddInLoader
Load Assembly : BrityWorks.AddIn.Pdf

2024-05-15 09:18:29,806 [T1] DEBUG LibraryManager
Load Library - Chrome

2024-05-15 09:18:29,822 [T1] DEBUG LibraryManager
Load Library - Desktop

2024-05-15 09:18:29,838 [T1] DEBUG LibraryManager
Load Library - Excel

2024-05-15 09:18:29,853 [T1] DEBUG LibraryManager
Load Library - Flow

2024-05-15 09:18:29,869 [T1] DEBUG LibraryManager
Load Library - IE

2024-05-15 09:18:29,885 [T1] DEBUG LibraryManager
Load Library - ImageConverter

2024-05-15 09:18:29,900 [T1] DEBUG LibraryManager
Load Library - ImageRecognition

2024-05-15 09:18:29,915 [T1] DEBUG LibraryManager
Load Library - MicrosoftOCR

2024-05-15 09:18:29,931 [T1] DEBUG LibraryManager
Load Library - NativeApp

2024-05-15 09:18:29,947 [T1] DEBUG LibraryManager
Load Library - Net

2024-05-15 09:18:29,963 [T1] DEBUG LibraryManager
Load Library - Orchestra

2024-05-15 09:18:29,979 [T1] DEBUG LibraryManager
Load Library - Outlook

2024-05-15 09:18:29,995 [T1] DEBUG LibraryManager
Load Library - Pdf

2024-05-15 09:18:30,011 [T1] DEBUG LibraryManager
Load Library - SAP

2024-05-15 09:18:30,027 [T1] DEBUG LibraryManager
Load Library - Web

2024-05-15 09:18:30,043 [T1] DEBUG LibraryManager
Load Library - Win

2024-05-15 09:18:30,058 [T1] DEBUG LibraryManager
Load Library - WorkFlow

2024-05-15 09:18:30,065 [T1] DEBUG LibraryManager
Load built-in script libraries

2024-05-15 09:18:30,209 [T1] INFO  LibraryManager
Load Libraries - Completed.

2024-05-15 09:18:30,216 [T1] INFO  App
Launch Arguments: Total: 6 |  -eid D_20240515_091827_521 -runtype ProcRunner -ppid 17980

2024-05-15 09:18:30,216 [T1] DEBUG Config
Refresh Language Information

2024-05-15 09:18:30,217 [T1] DEBUG LibraryManager
LibraryManager Initialized.

2024-05-15 09:19:58,255 [T9] INFO  JobService
Start Job: tco_config (Foreground)
{
  "JobType": 1,
  "State": 0,
  "IsRunning": false,
  "ResultMessage": null,
  "StartTime": "2024-05-15 09:19:58",
  "EndTime": null,
  "JobId": "Designer_20240515_091958_109",
  "UserAuthentication": null,
  "ProcessPath": "C:\\BrityLockNLock\\p_NewProduct_RPA_SCM\\tco_config.proc",
  "ProcessId": "02db42fa-f0c2-4aab-8e19-952fea6305c3",
  "ProcessVer": "1.0",
  "ProcessArgs": null,
  "RequesterType": 3,
  "RequesterId": "designer",
  "RequesterPID": 17980,
  "OptionsJsonString": null,
  "TimeoutSec": 0,
  "EngineID": "D_20240515_091827_521",
  "EnginePID": 0,
  "EngineRecommededVersion": "",
  "JobWorkDir": "C:\\BrityLockNLock\\p_NewProduct_RPA_SCM\\Histories\\20240515_091958_tco_config_Designer_20240515_091958_109",
  "JobLogDir": "C:\\BrityLockNLock\\p_NewProduct_RPA_SCM\\Histories\\20240515_091958_tco_config_Designer_20240515_091958_109\\Log",
  "JobScreenshotDir": "C:\\BrityLockNLock\\p_NewProduct_RPA_SCM\\Histories\\20240515_091958_tco_config_Designer_20240515_091958_109\\Log\\Screenshot"
}

2024-05-15 09:19:58,352 [T10] DEBUG JobService
Waiting library loading...

2024-05-15 09:19:58,353 [T10] DEBUG Config
Reload User Settings

2024-05-15 09:19:58,354 [T10] INFO  JobService
Config Loading Completed.

2024-05-15 09:19:58,354 [T10] DEBUG JobService
Config Loading Time: 1 ms.

2024-05-15 09:19:58,357 [T10] DEBUG JobService
Check Shared Token

2024-05-15 09:19:58,358 [T10] DEBUG TokenManager
Load connection token

2024-05-15 09:19:58,359 [T10] DEBUG TokenManager
Clear Connection Token - No Shared Token

2024-05-15 09:19:58,363 [T10] DEBUG ServerInformationClient
get server features for engine bot from config.

2024-05-15 09:19:58,364 [T10] INFO  Config
Try to load server features from config.

2024-05-15 09:19:58,365 [T10] INFO  TokenManager
SecurityType : v2

2024-05-15 09:19:58,366 [T10] INFO  JobService
Shared Token - No Token

2024-05-15 09:19:58,370 [T10] INFO  JobManager
Create JobManager instance for job tco_config(Designer_20240515_091958_109)

2024-05-15 09:19:58,375 [T10] INFO  JobRequest
Job ID : Designer_20240515_091958_109
Project Path  : C:\BrityLockNLock\p_NewProduct_RPA_SCM\p_NewProduct_RPA_SCM.proj
Process Name  : tco_config
Engine Mode   : Designer
Requester Type: Designer
Requester PID : 17980

2024-05-15 09:19:58,377 [T11] INFO  JobRequest
Start Callback Sender

2024-05-15 09:19:58,377 [T11] DEBUG JobRequest
Step Callback Interval: 500

2024-05-15 09:19:58,405 [T10] DEBUG ProjectManager
Set Project Information

2024-05-15 09:19:58,425 [T10] INFO  PlayOptionManager
PlayOption
- Step Interval : 1
- Disable DrawBounds : False
- Invoke First : False
- Allow Upload of DumpScreen results : False

2024-05-15 09:19:58,426 [T10] INFO  JobRunner
Initialize Script Engine

2024-05-15 09:19:58,438 [T13-ScriptEngine] INFO  JobRequest
##############################################################
### STATE: Initializing
##############################################################


2024-05-15 09:19:58,445 [T11] DEBUG JobRequest
Callback - State: Initializing


2024-05-15 09:19:58,803 [T13-ScriptEngine] INFO  JobRequest
##############################################################
### STATE: Ready
##############################################################


2024-05-15 09:19:58,808 [T11] DEBUG JobRequest
Callback - State: Ready


2024-05-15 09:19:58,812 [T10] INFO  JobRunnerHook
HotKey Hook Started

2024-05-15 09:19:58,812 [T10] INFO  JobRequest
##############################################################
### STATE: Starting
##############################################################


2024-05-15 09:19:58,813 [T13-ScriptEngine] INFO  JobRunner
RunProcess start

2024-05-15 09:19:58,815 [T13-ScriptEngine] INFO  JobRequest
##############################################################
### STATE: Running
##############################################################


2024-05-15 09:19:58,815 [T13-ScriptEngine] INFO  JobRequest
Last job life cycle state: Running

2024-05-15 09:19:58,824 [T11] DEBUG JobRequest
Callback - State: Starting


2024-05-15 09:19:58,840 [T11] DEBUG JobRequest
Callback - State: Running


2024-05-15 09:19:58,972 [T13-ScriptEngine] WARN  ProcessDataValidator
It can be occurred a malfunction to play tco_config,
because this system is different from designed system environment.
(OS, Resolution, etc)

2024-05-15 09:19:59,684 [T13-ScriptEngine] DEBUG ScreenCapture
DirectX Screen Capture Initialized.

2024-05-15 09:19:59,819 [T13-ScriptEngine] DEBUG JobRunner
DirectX ScreenCapture Checked.

2024-05-15 09:19:59,838 [T13-ScriptEngine] INFO  JobRequest
##############################################################
### STATE: StartProcess - tco_config
##############################################################
02db42fa-f0c2-4aab-8e19-952fea6305c3
tco_config


2024-05-15 09:19:59,876 [T13-ScriptEngine] INFO  JobRequest
**************************************************************
*** TASK: tco_config
**************************************************************
 - STEP 1: S45bab63c4786483698a629950d8440a0 (3/10) - (1/8)
 - [3] IfThen


2024-05-15 09:20:03,470 [T13-ScriptEngine] WARN  ScriptSupport
[CATCH_STEP_EXCEPTION] Process: tco_config
Step: IfThen (3/10)

TypeError: Cannot read property 'skip_excel' of undefined

2024-05-15 09:20:03,473 [T13-ScriptEngine] FINE  JobRunner
RunTask ExceptionOccured. TASK: tco_config => TypeError: Cannot read property 'skip_excel' of undefined

2024-05-15 09:20:03,487 [T13-ScriptEngine] INFO  JobRequest
##############################################################
### STATE: EndProcess - tco_config
##############################################################
02db42fa-f0c2-4aab-8e19-952fea6305c3
tco_config


2024-05-15 09:20:03,496 [T13-ScriptEngine] ERROR JobRunner
Process: tco_config
Step: IfThen (3/10)

TypeError: Cannot read property 'skip_excel' of undefined

[CallStack]
  - tco_config: [3] IfThen

[Global Variables]
  - RESULT = <null> (Any)

2024-05-15 09:20:03,497 [T13-ScriptEngine] DEBUG JobManager
Set Result State: ExceptionOccured

2024-05-15 09:20:05,194 [T13-ScriptEngine] INFO  JobRunner
Make report.

2024-05-15 09:20:05,230 [T13-ScriptEngine] INFO  JobRunner
Start to clean up resources.

2024-05-15 09:20:05,231 [T13-ScriptEngine] DEBUG JobRunner
OnProcessFailed

2024-05-15 09:20:05,231 [T10] DEBUG JobRunner
Start timer for checking the job to be completed.

2024-05-15 09:20:05,232 [T13-ScriptEngine] INFO  JobRunner
Start to clean up resources.

2024-05-15 09:20:05,233 [T13-ScriptEngine] DEBUG JobRunner
Remove all libraries

2024-05-15 09:20:05,241 [T13-ScriptEngine] DEBUG NetPlayer
WebPlayer OnDispose

2024-05-15 09:20:05,243 [T13-ScriptEngine] DEBUG WebPlayer
WebPlayer OnDispose : Do Nothing

2024-05-15 09:20:05,245 [T13-ScriptEngine] DEBUG UiaAppHelper
WinHelper DisposeAppList Count: 0

2024-05-15 09:20:05,245 [T13-ScriptEngine] INFO  JobRunner
All Resources Clear

2024-05-15 09:20:05,247 [T13-ScriptEngine] DEBUG JobRunner
OnCompleted

2024-05-15 09:20:05,248 [T13-ScriptEngine] DEBUG JobRunner
SendJobResult: ExceptionOccured

2024-05-15 09:20:05,248 [T13-ScriptEngine] INFO  JobRequest
##############################################################
### STATE: ExceptionOccured
##############################################################
Process: tco_config
Step: IfThen (3/10)

TypeError: Cannot read property 'skip_excel' of undefined

[CallStack]
  - tco_config: [3] IfThen

[Global Variables]
  - RESULT = <null> (Any)


2024-05-15 09:20:05,248 [T13-ScriptEngine] INFO  JobRequest
Last job life cycle state: ExceptionOccured

2024-05-15 09:20:05,260 [T13-ScriptEngine] INFO  JobRequest
##############################################################
### JOB COMPLETED
##############################################################


2024-05-15 09:20:05,260 [T11] DEBUG JobRequest
Callback - State: ExceptionOccured
Process: tco_config
Step: IfThen (3/10)

TypeError: Cannot read property 'skip_excel' of undefined

[CallStack]
  - tco_config: [3] IfThen

[Global Variables]
  - RESULT = <null> (Any)

2024-05-15 09:20:05,260 [T11] INFO  JobRequest
Callback - EngineClosed

2024-05-15 09:20:05,261 [T11] INFO  JobService
Disconnect agent service

2024-05-15 09:20:05,261 [T11] DEBUG JobRequest
End of Callback Sender

