2024-05-10 15:52:12,475 [T1] INFO  EngineStarter
BOT Engine Start - v3.1.124.00426 at 5/10/2024 3:52:12 PM
EngineID: D_20240510_155211_982
PID : 2512
PPID: 7804
Working Directory: C:\Users\PC\AppData\Roaming\Brity RPA Designer

2024-05-10 15:52:12,486 [T1] INFO  EngineStarter
System Language: en-US
Resolution: 1920 x 1080

2024-05-10 15:52:12,656 [T1] INFO  Config
Initialize Config

2024-05-10 15:52:12,678 [T1] DEBUG Config
Config Loaded

2024-05-10 15:52:12,683 [T1] DEBUG Config
Backup config file.

2024-05-10 15:52:12,689 [T1] INFO  Config
Orchestrator Service => https://bwrpa.samsungsds.com:8777

2024-05-10 15:52:12,692 [T1] INFO  Config
Initialize Resource Config

2024-05-10 15:52:12,710 [T1] DEBUG Config
Refresh Language Information

2024-05-10 15:52:12,756 [T1] INFO  Config
All Config Initialized.

2024-05-10 15:52:12,760 [T1] DEBUG KeyManager
Initialize KeyManager

2024-05-10 15:52:12,761 [T1] DEBUG KeyManager
Load device unique id.

2024-05-10 15:52:12,767 [T1] DEBUG KeyManager
Device ID is initialized.

2024-05-10 15:52:12,792 [T1] INFO  CertLicenseClient
Initialize certificate.

2024-05-10 15:52:12,794 [T1] DEBUG CertLicenseClient
Set Security Protocol: Tls12

2024-05-10 15:52:12,821 [T4] DEBUG JobService
Connect to agent service

2024-05-10 15:52:12,827 [T4] DEBUG JobService
JobService URL : net.tcp://127.0.0.1:59001/rpa/agent

2024-05-10 15:52:12,828 [T4] DEBUG JobService
Open connection

2024-05-10 15:52:12,833 [T4] DEBUG JobService
Register engine to agent

2024-05-10 15:52:12,836 [T4] DEBUG JobService
Engine is connected to agent service.

2024-05-10 15:52:12,836 [T4] DEBUG JobService
Owner Process PID: 7804

2024-05-10 15:52:12,838 [T4] INFO  JobService
Start monitoring owner process is terminated.

2024-05-10 15:52:12,843 [T1] DEBUG ApplicationInitializer
InitMode: Thread

2024-05-10 15:52:12,850 [T1] INFO  LibraryManager
Load Libraries - Started

2024-05-10 15:52:12,858 [T1] DEBUG AddInLoader
Load Assembly : IPA.Lib.Chrome

2024-05-10 15:52:13,009 [T1] DEBUG AddInLoader
Load Assembly : IPA.Lib.Desktop

2024-05-10 15:52:13,133 [T1] DEBUG AddInLoader
Load Assembly : IPA.Lib.Excel

2024-05-10 15:52:13,239 [T1] DEBUG AddInLoader
Load Assembly : IPA.Lib.Flow

2024-05-10 15:52:13,319 [T1] DEBUG AddInLoader
Load Assembly : IPA.Lib.IE

2024-05-10 15:52:13,383 [T1] DEBUG AddInLoader
Load Assembly : IPA.Lib.ImageConverter

2024-05-10 15:52:13,428 [T1] DEBUG AddInLoader
Load Assembly : IPA.Lib.ImageRecognition

2024-05-10 15:52:13,561 [T1] DEBUG AddInLoader
Load Assembly : IPA.Lib.MicrosoftOCR

2024-05-10 15:52:13,604 [T1] DEBUG AddInLoader
Load Assembly : IPA.Lib.Net

2024-05-10 15:52:13,658 [T1] DEBUG AddInLoader
Load Assembly : IPA.Lib.Orchestra

2024-05-10 15:52:13,719 [T1] DEBUG AddInLoader
Load Assembly : IPA.Lib.ProcessFlow

2024-05-10 15:52:13,782 [T1] DEBUG AddInLoader
Load Assembly : IPA.Lib.SAP

2024-05-10 15:52:13,840 [T1] DEBUG AddInLoader
Load Assembly : IPA.Lib.Web

2024-05-10 15:52:13,919 [T1] DEBUG AddInLoader
Load Assembly : IPA.Lib.Win

2024-05-10 15:52:14,011 [T1] INFO  ScreenCapture
Default Screen Capture Bounds: 0,0,1920,1080

2024-05-10 15:52:14,032 [T1] DEBUG AddInLoader
Load Assembly : BrityRPA.AddIn.NativeApp

2024-05-10 15:52:14,116 [T1] DEBUG AddInLoader
Load Assembly : BrityWorks.AddIn.Outlook

2024-05-10 15:52:14,166 [T1] DEBUG AddInLoader
Load Assembly : BrityWorks.AddIn.Pdf

2024-05-10 15:52:14,239 [T1] DEBUG LibraryManager
Load Library - Chrome

2024-05-10 15:52:14,255 [T1] DEBUG LibraryManager
Load Library - Desktop

2024-05-10 15:52:14,270 [T1] DEBUG LibraryManager
Load Library - Excel

2024-05-10 15:52:14,286 [T1] DEBUG LibraryManager
Load Library - Flow

2024-05-10 15:52:14,302 [T1] DEBUG LibraryManager
Load Library - IE

2024-05-10 15:52:14,318 [T1] DEBUG LibraryManager
Load Library - ImageConverter

2024-05-10 15:52:14,334 [T1] DEBUG LibraryManager
Load Library - ImageRecognition

2024-05-10 15:52:14,350 [T1] DEBUG LibraryManager
Load Library - MicrosoftOCR

2024-05-10 15:52:14,365 [T1] DEBUG LibraryManager
Load Library - NativeApp

2024-05-10 15:52:14,381 [T1] DEBUG LibraryManager
Load Library - Net

2024-05-10 15:52:14,396 [T1] DEBUG LibraryManager
Load Library - Orchestra

2024-05-10 15:52:14,412 [T1] DEBUG LibraryManager
Load Library - Outlook

2024-05-10 15:52:14,428 [T1] DEBUG LibraryManager
Load Library - Pdf

2024-05-10 15:52:14,444 [T1] DEBUG LibraryManager
Load Library - SAP

2024-05-10 15:52:14,460 [T1] DEBUG LibraryManager
Load Library - Web

2024-05-10 15:52:14,476 [T1] DEBUG LibraryManager
Load Library - Win

2024-05-10 15:52:14,492 [T1] DEBUG LibraryManager
Load Library - WorkFlow

2024-05-10 15:52:14,495 [T1] DEBUG LibraryManager
Load built-in script libraries

2024-05-10 15:52:14,636 [T1] INFO  LibraryManager
Load Libraries - Completed.

2024-05-10 15:52:14,643 [T1] INFO  App
Launch Arguments: Total: 6 |  -eid D_20240510_155211_982 -runtype ProcRunner -ppid 7804

2024-05-10 15:52:14,643 [T1] DEBUG Config
Refresh Language Information

2024-05-10 15:52:14,643 [T1] DEBUG LibraryManager
LibraryManager Initialized.

2024-05-10 15:54:07,889 [T8] INFO  JobService
Start Job: MyProcess (Foreground)
{
  "JobType": 1,
  "State": 0,
  "IsRunning": false,
  "ResultMessage": null,
  "StartTime": "2024-05-10 15:54:07",
  "EndTime": null,
  "JobId": "Designer_20240510_155407_771",
  "UserAuthentication": null,
  "ProcessPath": "C:\\BrityLockNLock\\p_NewProduct_RPA_SCM\\MyProcess.proc",
  "ProcessId": "9d750e41-5f7b-453c-8d62-6ffc591cde8f",
  "ProcessVer": "",
  "ProcessArgs": null,
  "RequesterType": 3,
  "RequesterId": "designer",
  "RequesterPID": 7804,
  "OptionsJsonString": null,
  "TimeoutSec": 0,
  "EngineID": "D_20240510_155211_982",
  "EnginePID": 0,
  "EngineRecommededVersion": "",
  "JobWorkDir": "C:\\BrityLockNLock\\p_NewProduct_RPA_SCM\\Histories\\20240510_155407_MyProcess_Designer_20240510_155407_771",
  "JobLogDir": "C:\\BrityLockNLock\\p_NewProduct_RPA_SCM\\Histories\\20240510_155407_MyProcess_Designer_20240510_155407_771\\Log",
  "JobScreenshotDir": "C:\\BrityLockNLock\\p_NewProduct_RPA_SCM\\Histories\\20240510_155407_MyProcess_Designer_20240510_155407_771\\Log\\Screenshot"
}

2024-05-10 15:54:07,985 [T9] DEBUG JobService
Waiting library loading...

2024-05-10 15:54:07,986 [T9] DEBUG Config
Reload User Settings

2024-05-10 15:54:07,987 [T9] INFO  JobService
Config Loading Completed.

2024-05-10 15:54:07,987 [T9] DEBUG JobService
Config Loading Time: 1 ms.

2024-05-10 15:54:07,990 [T9] DEBUG JobService
Check Shared Token

2024-05-10 15:54:07,991 [T9] DEBUG TokenManager
Load connection token

2024-05-10 15:54:07,991 [T9] DEBUG TokenManager
Clear Connection Token - No Shared Token

2024-05-10 15:54:07,996 [T9] DEBUG ServerInformationClient
get server features for engine bot from config.

2024-05-10 15:54:07,997 [T9] INFO  Config
Try to load server features from config.

2024-05-10 15:54:07,997 [T9] INFO  TokenManager
SecurityType : v2

2024-05-10 15:54:07,999 [T9] INFO  JobService
Shared Token - No Token

2024-05-10 15:54:08,003 [T9] INFO  JobManager
Create JobManager instance for job MyProcess(Designer_20240510_155407_771)

2024-05-10 15:54:08,009 [T9] INFO  JobRequest
Job ID : Designer_20240510_155407_771
Project Path  : C:\BrityLockNLock\p_NewProduct_RPA_SCM\p_NewProduct_RPA_SCM.proj
Process Name  : MyProcess
Engine Mode   : Designer
Requester Type: Designer
Requester PID : 7804

2024-05-10 15:54:08,013 [T10] INFO  JobRequest
Start Callback Sender

2024-05-10 15:54:08,013 [T10] DEBUG JobRequest
Step Callback Interval: 500

2024-05-10 15:54:08,042 [T9] DEBUG ProjectManager
Set Project Information

2024-05-10 15:54:08,059 [T9] INFO  PlayOptionManager
PlayOption
- Step Interval : 1
- Disable DrawBounds : False
- Invoke First : False
- Allow Upload of DumpScreen results : False

2024-05-10 15:54:08,060 [T9] INFO  JobRunner
Initialize Script Engine

2024-05-10 15:54:08,072 [T12-ScriptEngine] INFO  JobRequest
##############################################################
### STATE: Initializing
##############################################################


2024-05-10 15:54:08,081 [T10] DEBUG JobRequest
Callback - State: Initializing


2024-05-10 15:54:08,443 [T12-ScriptEngine] INFO  JobRequest
##############################################################
### STATE: Ready
##############################################################


2024-05-10 15:54:08,451 [T9] INFO  JobRunnerHook
HotKey Hook Started

2024-05-10 15:54:08,452 [T10] DEBUG JobRequest
Callback - State: Ready


2024-05-10 15:54:08,452 [T9] INFO  JobRequest
##############################################################
### STATE: Starting
##############################################################


2024-05-10 15:54:08,453 [T12-ScriptEngine] INFO  JobRunner
RunProcess start

2024-05-10 15:54:08,455 [T12-ScriptEngine] INFO  JobRequest
##############################################################
### STATE: Running
##############################################################


2024-05-10 15:54:08,455 [T12-ScriptEngine] INFO  JobRequest
Last job life cycle state: Running

2024-05-10 15:54:08,467 [T10] DEBUG JobRequest
Callback - State: Starting


2024-05-10 15:54:08,467 [T10] DEBUG JobRequest
Callback - State: Running


2024-05-10 15:54:08,647 [T12-ScriptEngine] WARN  ProcessDataValidator
It can be occurred a malfunction to play T1_before_Task,
because this system is different from designed system environment.
(OS, Resolution, etc)

2024-05-10 15:54:08,650 [T12-ScriptEngine] WARN  ProcessDataValidator
It can be occurred a malfunction to play tco_kill_process,
because this system is different from designed system environment.
(OS, Resolution, etc)

2024-05-10 15:54:08,653 [T12-ScriptEngine] WARN  ProcessDataValidator
It can be occurred a malfunction to play tco_config,
because this system is different from designed system environment.
(OS, Resolution, etc)

2024-05-10 15:54:08,665 [T12-ScriptEngine] WARN  ProcessDataValidator
It can be occurred a malfunction to play T2_setVar,
because this system is different from designed system environment.
(OS, Resolution, etc)

2024-05-10 15:54:09,375 [T12-ScriptEngine] DEBUG ScreenCapture
DirectX Screen Capture Initialized.

2024-05-10 15:54:09,443 [T12-ScriptEngine] DEBUG JobRunner
DirectX ScreenCapture Checked.

2024-05-10 15:54:09,462 [T12-ScriptEngine] INFO  JobRequest
##############################################################
### STATE: StartProcess - MyProcess
##############################################################
9d750e41-5f7b-453c-8d62-6ffc591cde8f
MyProcess


2024-05-10 15:54:09,503 [T12-ScriptEngine] INFO  JobRequest
**************************************************************
*** TASK: MyProcess
**************************************************************
 - STEP 1: S23aa70b068ac4b25adf3c7625fdd18ac (1/2) - (1/61)
 - [1] RunTask


2024-05-10 15:54:09,563 [T12-ScriptEngine] INFO  JobRequest
##############################################################
### STATE: StartTask - T1_before_Task
##############################################################
2537983c-d928-4592-8529-c1fd941c700d
T1_before_Task


2024-05-10 15:54:09,577 [T12-ScriptEngine] INFO  JobRequest
**************************************************************
*** TASK: T1_before_Task
**************************************************************
 - STEP 2: S64ba49f48afa47b092176e86cbdd4f53 (1/8) - (2/61)
 - [1] RunTask


2024-05-10 15:54:09,578 [T12-ScriptEngine] INFO  JobRequest
##############################################################
### STATE: StartTask - tco_kill_process
##############################################################
a661133b-f01d-4fe3-a057-130dfe2fae3c
tco_kill_process


2024-05-10 15:54:09,593 [T12-ScriptEngine] INFO  JobRequest
**************************************************************
*** TASK: tco_kill_process
**************************************************************
 - STEP 3: S87a80ebb00f1497f85cd370223b66663 (1/7) - (3/61)
 - [1] CloseAll


2024-05-10 15:54:09,616 [T12-ScriptEngine] DEBUG UIAHelper
CloseAll: excel.exe

2024-05-10 15:54:12,599 [T12-ScriptEngine] INFO  JobRequest
 - STEP 4: S97fd7e0ed2fd433c8c3bace9c4cf74bd (4/7) - (4/61)
 - [4] CloseAll


2024-05-10 15:54:12,599 [T12-ScriptEngine] DEBUG UIAHelper
CloseAll: chrome.exe

2024-05-10 15:54:15,862 [T8] INFO  JobService
PauseJob

2024-05-10 15:54:15,862 [T8] INFO  JobRunner
Try Pause

2024-05-10 15:54:15,862 [T8] INFO  JobRequest
##############################################################
### STATE: Paused
##############################################################


2024-05-10 15:54:15,862 [T8] INFO  JobRequest
Last job life cycle state: Paused

2024-05-10 15:54:15,883 [T10] DEBUG JobRequest
Callback - State: Paused


2024-05-10 15:54:16,072 [T12-ScriptEngine] INFO  JobRunner
[PASS] TASK: tco_kill_process

2024-05-10 15:54:16,082 [T12-ScriptEngine] INFO  JobRequest
##############################################################
### STATE: EndTask - tco_kill_process
##############################################################
a661133b-f01d-4fe3-a057-130dfe2fae3c
tco_kill_process


2024-05-10 15:54:16,088 [T12-ScriptEngine] INFO  JobRequest
**************************************************************
*** TASK: T1_before_Task
**************************************************************
 - STEP 5: Sbead5a5230b444ceb6bf2294c359c68e (2/8) - (5/61)
 - [2] Block


2024-05-10 15:54:16,104 [T12-ScriptEngine] INFO  JobRequest
 - STEP 6: Sf8b9ecbc42f14fcb88c646423f5b09b0 (3/8) - (6/61)
 - [3] ExecuteScript


2024-05-10 15:54:16,105 [T12-ScriptEngine] INFO  JobRunner
Try Pause - Skip (Not Running: Paused)

2024-05-10 15:54:32,095 [T12-ScriptEngine] DEBUG DebugCommand
CMD: StepOver

2024-05-10 15:54:32,111 [T12-ScriptEngine] INFO  JobRequest
 - STEP 7: S8975f1f04dc1428db16185565f43821f (4/8) - (7/61)
 - [4] RunTask


2024-05-10 15:54:32,111 [T12-ScriptEngine] INFO  JobRunner
Try Pause - Skip (Not Running: Paused)

2024-05-10 15:54:33,996 [T12-ScriptEngine] DEBUG DebugCommand
CMD: StepOver

2024-05-10 15:54:33,997 [T12-ScriptEngine] INFO  JobRunner
Try Resume

2024-05-10 15:54:33,997 [T12-ScriptEngine] INFO  JobRequest
##############################################################
### STATE: Running
##############################################################


2024-05-10 15:54:33,997 [T12-ScriptEngine] INFO  JobRequest
Last job life cycle state: Running

2024-05-10 15:54:34,007 [T12-ScriptEngine] INFO  JobRequest
##############################################################
### STATE: StartTask - tco_config
##############################################################
02db42fa-f0c2-4aab-8e19-952fea6305c3
tco_config


2024-05-10 15:54:34,012 [T12-ScriptEngine] INFO  JobRequest
**************************************************************
*** TASK: tco_config
**************************************************************
 - STEP 8: S45bab63c4786483698a629950d8440a0 (3/10) - (8/61)
 - [3] IfThen


2024-05-10 15:54:34,012 [T10] DEBUG JobRequest
Callback - State: Running


2024-05-10 15:54:34,028 [T12-ScriptEngine] INFO  JobRequest
 - STEP 9: Sc972bbc7e1a2424e90fdfec2fd3a95e9 (4/10) - (9/61)
 - [4] OpenExcel


2024-05-10 15:54:37,434 [T12-ScriptEngine] INFO  JobRequest
 - STEP 10: S35e65cc4f0c040719be071d6a0a6338f (5/10) - (10/61)
 - [5] ExecuteMacro


2024-05-10 15:54:38,163 [T12-ScriptEngine] INFO  JobRequest
 - STEP 11: S01120c5dd0f34d6f923b5180596a0620 (6/10) - (11/61)
 - [6] CloseExcel


2024-05-10 15:54:38,177 [T12-ScriptEngine] DEBUG ExcelBase
DisposeExcel

2024-05-10 15:54:39,365 [T12-ScriptEngine] INFO  JobRequest
 - STEP 12: S902ba0407b5b4a8784a25eacbd6ce2f6 (7/10) - (12/61)
 - [7] End-IfThen


2024-05-10 15:54:39,381 [T12-ScriptEngine] INFO  JobRequest
 - STEP 13: Sfd50655a7aeb4aa49af6ac3ab6947269 (8/10) - (13/61)
 - [8] ExecuteScript


2024-05-10 15:54:39,427 [T12-ScriptEngine] INFO  JobRequest
 - STEP 14: Se4310e79f3fd4dfc91c5efb4f6b2c2eb (9/10) - (14/61)
 - [9] GetSpecialFolder


2024-05-10 15:54:39,442 [T12-ScriptEngine] INFO  JobRequest
 - STEP 15: Sd231ebaf79ba48bd900d24535d9e654e (10/10) - (15/61)
 - [10] ExecuteScript


2024-05-10 15:54:39,444 [T12-ScriptEngine] INFO  JobRunner
[PASS] TASK: tco_config

2024-05-10 15:54:39,445 [T12-ScriptEngine] INFO  JobRequest
##############################################################
### STATE: EndTask - tco_config
##############################################################
02db42fa-f0c2-4aab-8e19-952fea6305c3
tco_config


2024-05-10 15:54:39,458 [T12-ScriptEngine] INFO  JobRequest
**************************************************************
*** TASK: T1_before_Task
**************************************************************
 - STEP 16: S8498a872428249a5a6fd4ce4d675f950 (5/8) - (16/61)
 - [5] ExecuteScript


2024-05-10 15:54:39,458 [T12-ScriptEngine] INFO  JobRunner
Try Pause

2024-05-10 15:54:39,458 [T12-ScriptEngine] INFO  JobRequest
##############################################################
### STATE: Paused
##############################################################


2024-05-10 15:54:39,458 [T12-ScriptEngine] INFO  JobRequest
Last job life cycle state: Paused

2024-05-10 15:54:39,474 [T10] DEBUG JobRequest
Callback - State: Paused


2024-05-10 15:54:42,751 [T12-ScriptEngine] DEBUG DebugCommand
CMD: StepOver

2024-05-10 15:54:42,766 [T12-ScriptEngine] INFO  JobRequest
 - STEP 17: Sd97ace96c2a24b0490f658bdb8348627 (6/8) - (17/61)
 - [6] ExecuteScript


2024-05-10 15:54:42,766 [T12-ScriptEngine] INFO  JobRunner
Try Pause - Skip (Not Running: Paused)

2024-05-10 15:54:43,510 [T12-ScriptEngine] DEBUG DebugCommand
CMD: StepOver

2024-05-10 15:54:43,526 [T12-ScriptEngine] INFO  JobRequest
 - STEP 18: Sb0b951054b4a434dbabaf2eadcd2ece0 (8/8) - (18/61)
 - [8] End-Block


2024-05-10 15:54:43,526 [T12-ScriptEngine] INFO  JobRunner
[PASS] TASK: T1_before_Task

2024-05-10 15:54:43,528 [T12-ScriptEngine] INFO  JobRequest
##############################################################
### STATE: EndTask - T1_before_Task
##############################################################
2537983c-d928-4592-8529-c1fd941c700d
T1_before_Task


2024-05-10 15:54:43,542 [T12-ScriptEngine] INFO  JobRequest
**************************************************************
*** TASK: MyProcess
**************************************************************
 - STEP 19: Sbb765a3fe8c447f58916afbb71cd6bf0 (2/2) - (19/61)
 - [2] RunTask


2024-05-10 15:54:43,542 [T12-ScriptEngine] INFO  JobRunner
Try Pause - Skip (Not Running: Paused)

2024-05-10 15:54:45,061 [T12-ScriptEngine] DEBUG DebugCommand
CMD: StepOver

2024-05-10 15:54:45,072 [T12-ScriptEngine] INFO  JobRequest
##############################################################
### STATE: StartTask - T2_setVar
##############################################################
3766000a-b16d-49c9-8140-b5221ae0e150
T2_setVar


2024-05-10 15:54:45,092 [T12-ScriptEngine] INFO  JobRequest
**************************************************************
*** TASK: T2_setVar
**************************************************************
 - STEP 20: Sbd222ae687904765ac58b7233e066750 (1/42) - (20/61)
 - [1] OpenExcel


2024-05-10 15:54:45,092 [T12-ScriptEngine] INFO  JobRunner
Try Pause - Skip (Not Running: Paused)

2024-05-10 15:54:49,878 [T12-ScriptEngine] DEBUG DebugCommand
CMD: StepOver

2024-05-10 15:54:49,879 [T12-ScriptEngine] ERROR OpenExcel
There is no file in file path. Please check again.
=> Path: 

2024-05-10 15:54:49,879 [T12-ScriptEngine] ERROR OpenExcel
There is no file in file path. Please check again.
=> Path: 

2024-05-10 15:54:49,879 [T12-ScriptEngine] DEBUG ExcelBase
DisposeExcel

2024-05-10 15:54:57,620 [T12-ScriptEngine] INFO  JobRunner
Stop Job Runner - Cause: LocalUser / Message: Catch Step Exception

2024-05-10 15:54:57,621 [T12-ScriptEngine] INFO  JobRequest
##############################################################
### STATE: Stopping
##############################################################
Catch Step Exception


2024-05-10 15:54:57,629 [T10] DEBUG JobRequest
Callback - State: Stopping
Catch Step Exception

2024-05-10 15:54:57,631 [T12-ScriptEngine] WARN  ScriptSupport
[CATCH_STEP_EXCEPTION] Process: MyProcess
Task: T2_setVar
Step: OpenExcel (1/42)

Error: There is no file in file path. Please check again.
=> Path: 

2024-05-10 15:54:57,633 [T12-ScriptEngine] FINE  JobRunner
RunTask ExceptionOccured. TASK: T2_setVar => There is no file in file path. Please check again.
=> Path: 

2024-05-10 15:54:57,638 [T12-ScriptEngine] INFO  JobRequest
##############################################################
### STATE: EndTask - T2_setVar
##############################################################
3766000a-b16d-49c9-8140-b5221ae0e150
T2_setVar


2024-05-10 15:54:57,639 [T12-ScriptEngine] DEBUG JobRunner
RunTask ExceptionOccured. TASK: MyProcess => Process: MyProcess
Task: T2_setVar
Step: OpenExcel (1/42)
There is no file in file path. Please check again.
=> Path: 

2024-05-10 15:54:57,639 [T12-ScriptEngine] INFO  JobRequest
##############################################################
### STATE: EndProcess - MyProcess
##############################################################
9d750e41-5f7b-453c-8d62-6ffc591cde8f
MyProcess


2024-05-10 15:54:57,650 [T12-ScriptEngine] DEBUG JobManager
Set Result State: Stopped

2024-05-10 15:54:57,653 [T12-ScriptEngine] INFO  JobRunner
Make report.

2024-05-10 15:54:57,677 [T12-ScriptEngine] INFO  JobRunner
Start to clean up resources.

2024-05-10 15:54:57,678 [T12-ScriptEngine] DEBUG JobRunner
OnProcessCompleted

2024-05-10 15:54:57,678 [T24] DEBUG JobRunner
Start timer for checking the job to be completed.

2024-05-10 15:54:57,679 [T12-ScriptEngine] INFO  JobRunner
Start to clean up resources.

2024-05-10 15:54:57,681 [T12-ScriptEngine] DEBUG JobRunner
Remove all libraries

2024-05-10 15:54:57,689 [T12-ScriptEngine] DEBUG NetPlayer
WebPlayer OnDispose

2024-05-10 15:54:57,690 [T12-ScriptEngine] DEBUG WebPlayer
WebPlayer OnDispose : Do Nothing

2024-05-10 15:54:57,692 [T12-ScriptEngine] DEBUG UiaAppHelper
WinHelper DisposeAppList Count: 0

2024-05-10 15:54:57,693 [T12-ScriptEngine] INFO  JobRunner
All Resources Clear

2024-05-10 15:54:57,695 [T12-ScriptEngine] DEBUG JobRunner
OnCompleted

2024-05-10 15:54:57,695 [T12-ScriptEngine] DEBUG JobRunner
SendJobResult: Stopped

2024-05-10 15:54:57,695 [T12-ScriptEngine] INFO  JobRequest
##############################################################
### STATE: Stopped
##############################################################
Process: MyProcess

Process: MyProcess
Task: T2_setVar
Step: OpenExcel (1/42)
There is no file in file path. Please check again.
=> Path: 


2024-05-10 15:54:57,695 [T12-ScriptEngine] INFO  JobRequest
Last job life cycle state: Stopped

2024-05-10 15:54:57,695 [T12-ScriptEngine] INFO  JobRequest
Update skipped current step informations.

2024-05-10 15:54:57,701 [T12-ScriptEngine] INFO  JobRequest
##############################################################
### JOB COMPLETED
##############################################################


2024-05-10 15:54:57,709 [T10] DEBUG JobRequest
Callback - State: Stopped
Process: MyProcess

Process: MyProcess
Task: T2_setVar
Step: OpenExcel (1/42)
There is no file in file path. Please check again.
=> Path: 

2024-05-10 15:54:57,710 [T10] INFO  JobRequest
Callback - EngineClosed

2024-05-10 15:54:57,710 [T10] INFO  JobService
Disconnect agent service

2024-05-10 15:54:57,712 [T10] DEBUG JobRequest
End of Callback Sender

