2024-05-10 15:52:07,791 [T1] INFO  EngineStarter
BOT Engine Start - v3.1.124.00426 at 5/10/2024 3:52:07 PM
EngineID: D_20240510_155207_182
PID : 16188
PPID: 7804
Working Directory: C:\Users\PC\AppData\Roaming\Brity RPA Designer

2024-05-10 15:52:07,803 [T1] INFO  EngineStarter
System Language: en-US
Resolution: 1920 x 1080

2024-05-10 15:52:07,972 [T1] INFO  Config
Initialize Config

2024-05-10 15:52:07,992 [T1] DEBUG Config
Config Loaded

2024-05-10 15:52:07,993 [T1] DEBUG Config
Backup config file.

2024-05-10 15:52:08,008 [T1] INFO  Config
Orchestrator Service => https://bwrpa.samsungsds.com:8777

2024-05-10 15:52:08,011 [T1] INFO  Config
Initialize Resource Config

2024-05-10 15:52:08,027 [T1] DEBUG Config
Refresh Language Information

2024-05-10 15:52:08,070 [T1] INFO  Config
All Config Initialized.

2024-05-10 15:52:08,074 [T1] DEBUG KeyManager
Initialize KeyManager

2024-05-10 15:52:08,075 [T1] DEBUG KeyManager
Load device unique id.

2024-05-10 15:52:08,080 [T1] DEBUG KeyManager
Device ID is initialized.

2024-05-10 15:52:08,104 [T1] INFO  CertLicenseClient
Initialize certificate.

2024-05-10 15:52:08,107 [T1] DEBUG CertLicenseClient
Set Security Protocol: Tls12

2024-05-10 15:52:08,130 [T5] DEBUG JobService
Connect to agent service

2024-05-10 15:52:08,138 [T5] DEBUG JobService
JobService URL : net.tcp://127.0.0.1:59001/rpa/agent

2024-05-10 15:52:08,138 [T5] DEBUG JobService
Open connection

2024-05-10 15:52:08,145 [T5] DEBUG JobService
Register engine to agent

2024-05-10 15:52:08,150 [T5] DEBUG JobService
Engine is connected to agent service.

2024-05-10 15:52:08,150 [T5] DEBUG JobService
Owner Process PID: 7804

2024-05-10 15:52:08,152 [T1] DEBUG ApplicationInitializer
InitMode: Thread

2024-05-10 15:52:08,153 [T5] INFO  JobService
Start monitoring owner process is terminated.

2024-05-10 15:52:08,159 [T1] INFO  LibraryManager
Load Libraries - Started

2024-05-10 15:52:08,167 [T1] DEBUG AddInLoader
Load Assembly : IPA.Lib.Chrome

2024-05-10 15:52:08,206 [T8] INFO  JobService
Start Job: P_p_NewProduct_RPA_SCM (Foreground)
{
  "JobType": 1,
  "State": 0,
  "IsRunning": false,
  "ResultMessage": null,
  "StartTime": "2024-05-10 15:52:07",
  "EndTime": null,
  "JobId": "Designer_20240510_155206_841",
  "UserAuthentication": null,
  "ProcessPath": "C:\\BrityLockNLock\\p_NewProduct_RPA_SCM\\P_p_NewProduct_RPA_SCM.proc",
  "ProcessId": "9d750e41-5f7b-453c-8d62-6ffc591cde8f",
  "ProcessVer": "",
  "ProcessArgs": null,
  "RequesterType": 3,
  "RequesterId": "designer",
  "RequesterPID": 7804,
  "OptionsJsonString": null,
  "TimeoutSec": 0,
  "EngineID": "D_20240510_155207_182",
  "EnginePID": 0,
  "EngineRecommededVersion": "",
  "JobWorkDir": "C:\\BrityLockNLock\\p_NewProduct_RPA_SCM\\Histories\\20240510_155206_P_p_NewProduct_RPA_SCM_Designer_20240510_155206_841",
  "JobLogDir": "C:\\BrityLockNLock\\p_NewProduct_RPA_SCM\\Histories\\20240510_155206_P_p_NewProduct_RPA_SCM_Designer_20240510_155206_841\\Log",
  "JobScreenshotDir": "C:\\BrityLockNLock\\p_NewProduct_RPA_SCM\\Histories\\20240510_155206_P_p_NewProduct_RPA_SCM_Designer_20240510_155206_841\\Log\\Screenshot"
}

2024-05-10 15:52:08,322 [T7] DEBUG JobService
Waiting library loading...

2024-05-10 15:52:08,336 [T1] DEBUG AddInLoader
Load Assembly : IPA.Lib.Desktop

2024-05-10 15:52:08,469 [T1] DEBUG AddInLoader
Load Assembly : IPA.Lib.Excel

2024-05-10 15:52:08,582 [T1] DEBUG AddInLoader
Load Assembly : IPA.Lib.Flow

2024-05-10 15:52:08,662 [T1] DEBUG AddInLoader
Load Assembly : IPA.Lib.IE

2024-05-10 15:52:08,726 [T1] DEBUG AddInLoader
Load Assembly : IPA.Lib.ImageConverter

2024-05-10 15:52:08,770 [T1] DEBUG AddInLoader
Load Assembly : IPA.Lib.ImageRecognition

2024-05-10 15:52:08,902 [T1] DEBUG AddInLoader
Load Assembly : IPA.Lib.MicrosoftOCR

2024-05-10 15:52:08,945 [T1] DEBUG AddInLoader
Load Assembly : IPA.Lib.Net

2024-05-10 15:52:09,004 [T1] DEBUG AddInLoader
Load Assembly : IPA.Lib.Orchestra

2024-05-10 15:52:09,061 [T1] DEBUG AddInLoader
Load Assembly : IPA.Lib.ProcessFlow

2024-05-10 15:52:09,122 [T1] DEBUG AddInLoader
Load Assembly : IPA.Lib.SAP

2024-05-10 15:52:09,180 [T1] DEBUG AddInLoader
Load Assembly : IPA.Lib.Web

2024-05-10 15:52:09,254 [T1] DEBUG AddInLoader
Load Assembly : IPA.Lib.Win

2024-05-10 15:52:09,341 [T1] INFO  ScreenCapture
Default Screen Capture Bounds: 0,0,1920,1080

2024-05-10 15:52:09,362 [T1] DEBUG AddInLoader
Load Assembly : BrityRPA.AddIn.NativeApp

2024-05-10 15:52:09,441 [T1] DEBUG AddInLoader
Load Assembly : BrityWorks.AddIn.Outlook

2024-05-10 15:52:09,488 [T1] DEBUG AddInLoader
Load Assembly : BrityWorks.AddIn.Pdf

2024-05-10 15:52:09,556 [T1] DEBUG LibraryManager
Load Library - Chrome

2024-05-10 15:52:09,572 [T1] DEBUG LibraryManager
Load Library - Desktop

2024-05-10 15:52:09,588 [T1] DEBUG LibraryManager
Load Library - Excel

2024-05-10 15:52:09,604 [T1] DEBUG LibraryManager
Load Library - Flow

2024-05-10 15:52:09,620 [T1] DEBUG LibraryManager
Load Library - IE

2024-05-10 15:52:09,636 [T1] DEBUG LibraryManager
Load Library - ImageConverter

2024-05-10 15:52:09,652 [T1] DEBUG LibraryManager
Load Library - ImageRecognition

2024-05-10 15:52:09,668 [T1] DEBUG LibraryManager
Load Library - MicrosoftOCR

2024-05-10 15:52:09,683 [T1] DEBUG LibraryManager
Load Library - NativeApp

2024-05-10 15:52:09,699 [T1] DEBUG LibraryManager
Load Library - Net

2024-05-10 15:52:09,715 [T1] DEBUG LibraryManager
Load Library - Orchestra

2024-05-10 15:52:09,731 [T1] DEBUG LibraryManager
Load Library - Outlook

2024-05-10 15:52:09,747 [T1] DEBUG LibraryManager
Load Library - Pdf

2024-05-10 15:52:09,764 [T1] DEBUG LibraryManager
Load Library - SAP

2024-05-10 15:52:09,779 [T1] DEBUG LibraryManager
Load Library - Web

2024-05-10 15:52:09,795 [T1] DEBUG LibraryManager
Load Library - Win

2024-05-10 15:52:09,811 [T1] DEBUG LibraryManager
Load Library - WorkFlow

2024-05-10 15:52:09,817 [T1] DEBUG LibraryManager
Load built-in script libraries

2024-05-10 15:52:09,962 [T1] INFO  LibraryManager
Load Libraries - Completed.

2024-05-10 15:52:09,969 [T1] INFO  App
Launch Arguments: Total: 6 |  -eid D_20240510_155207_182 -runtype ProcRunner -ppid 7804

2024-05-10 15:52:09,969 [T1] DEBUG Config
Refresh Language Information

2024-05-10 15:52:09,970 [T1] DEBUG LibraryManager
LibraryManager Initialized.

2024-05-10 15:52:09,985 [T7] DEBUG Config
Reload User Settings

2024-05-10 15:52:09,986 [T7] INFO  JobService
Config Loading Completed.

2024-05-10 15:52:09,986 [T7] DEBUG JobService
Config Loading Time: 1663 ms.

2024-05-10 15:52:09,989 [T7] DEBUG JobService
Check Shared Token

2024-05-10 15:52:09,990 [T7] DEBUG TokenManager
Load connection token

2024-05-10 15:52:09,990 [T7] DEBUG TokenManager
Clear Connection Token - No Shared Token

2024-05-10 15:52:09,995 [T7] DEBUG ServerInformationClient
get server features for engine bot from config.

2024-05-10 15:52:09,996 [T7] INFO  Config
Try to load server features from config.

2024-05-10 15:52:09,996 [T7] INFO  TokenManager
SecurityType : v2

2024-05-10 15:52:09,998 [T7] INFO  JobService
Shared Token - No Token

2024-05-10 15:52:10,001 [T7] INFO  JobManager
Create JobManager instance for job P_p_NewProduct_RPA_SCM(Designer_20240510_155206_841)

2024-05-10 15:52:10,005 [T7] INFO  JobRequest
Job ID : Designer_20240510_155206_841
Project Path  : C:\BrityLockNLock\p_NewProduct_RPA_SCM\p_NewProduct_RPA_SCM.proj
Process Name  : P_p_NewProduct_RPA_SCM
Engine Mode   : Designer
Requester Type: Designer
Requester PID : 7804

2024-05-10 15:52:10,007 [T6] INFO  JobRequest
Start Callback Sender

2024-05-10 15:52:10,007 [T6] DEBUG JobRequest
Step Callback Interval: 500

2024-05-10 15:52:10,031 [T7] DEBUG ProjectManager
Set Project Information

2024-05-10 15:52:10,048 [T7] INFO  PlayOptionManager
PlayOption
- Step Interval : 1
- Disable DrawBounds : False
- Invoke First : False
- Allow Upload of DumpScreen results : False

2024-05-10 15:52:10,049 [T7] INFO  JobRunner
Initialize Script Engine

2024-05-10 15:52:10,061 [T10-ScriptEngine] INFO  JobRequest
##############################################################
### STATE: Initializing
##############################################################


2024-05-10 15:52:10,068 [T6] DEBUG JobRequest
Callback - State: Initializing


2024-05-10 15:52:10,682 [T10-ScriptEngine] INFO  JobRequest
##############################################################
### STATE: Ready
##############################################################


2024-05-10 15:52:10,690 [T7] INFO  JobRunnerHook
HotKey Hook Started

2024-05-10 15:52:10,691 [T7] INFO  JobRequest
##############################################################
### STATE: Starting
##############################################################


2024-05-10 15:52:10,692 [T10-ScriptEngine] INFO  JobRunner
RunProcess start

2024-05-10 15:52:10,694 [T10-ScriptEngine] INFO  JobRequest
##############################################################
### STATE: Running
##############################################################


2024-05-10 15:52:10,694 [T10-ScriptEngine] INFO  JobRequest
Last job life cycle state: Running

2024-05-10 15:52:10,696 [T6] DEBUG JobRequest
Callback - State: Ready


2024-05-10 15:52:10,696 [T6] DEBUG JobRequest
Callback - State: Starting


2024-05-10 15:52:10,712 [T6] DEBUG JobRequest
Callback - State: Running


2024-05-10 15:52:11,638 [T10-ScriptEngine] DEBUG ScreenCapture
DirectX Screen Capture Initialized.

2024-05-10 15:52:11,876 [T10-ScriptEngine] DEBUG JobRunner
DirectX ScreenCapture Checked.

2024-05-10 15:52:11,896 [T10-ScriptEngine] INFO  JobRequest
##############################################################
### STATE: StartProcess - P_p_NewProduct_RPA_SCM
##############################################################
9d750e41-5f7b-453c-8d62-6ffc591cde8f
P_p_NewProduct_RPA_SCM


2024-05-10 15:52:11,903 [T10-ScriptEngine] INFO  JobRunner
[PASS] TASK: P_p_NewProduct_RPA_SCM

2024-05-10 15:52:11,907 [T10-ScriptEngine] INFO  JobRequest
##############################################################
### STATE: EndProcess - P_p_NewProduct_RPA_SCM
##############################################################
9d750e41-5f7b-453c-8d62-6ffc591cde8f
P_p_NewProduct_RPA_SCM


2024-05-10 15:52:11,918 [T10-ScriptEngine] INFO  JobRunner
RunProcess - Job Result: {}

2024-05-10 15:52:11,919 [T10-ScriptEngine] DEBUG JobManager
Set Result State: Completed

2024-05-10 15:52:11,922 [T10-ScriptEngine] INFO  JobRunner
Make report.

2024-05-10 15:52:11,941 [T10-ScriptEngine] INFO  JobRunner
Start to clean up resources.

2024-05-10 15:52:11,942 [T10-ScriptEngine] DEBUG JobRunner
OnProcessCompleted

2024-05-10 15:52:11,942 [T12] DEBUG JobRunner
Start timer for checking the job to be completed.

2024-05-10 15:52:11,942 [T10-ScriptEngine] INFO  JobRunner
Start to clean up resources.

2024-05-10 15:52:11,944 [T10-ScriptEngine] DEBUG JobRunner
Remove all libraries

2024-05-10 15:52:11,954 [T10-ScriptEngine] DEBUG NetPlayer
WebPlayer OnDispose

2024-05-10 15:52:11,956 [T10-ScriptEngine] DEBUG WebPlayer
WebPlayer OnDispose : Do Nothing

2024-05-10 15:52:11,959 [T10-ScriptEngine] DEBUG UiaAppHelper
WinHelper DisposeAppList Count: 0

2024-05-10 15:52:11,959 [T10-ScriptEngine] INFO  JobRunner
All Resources Clear

2024-05-10 15:52:11,960 [T10-ScriptEngine] DEBUG JobRunner
OnCompleted

2024-05-10 15:52:11,961 [T10-ScriptEngine] DEBUG JobRunner
SendJobResult: Completed

2024-05-10 15:52:11,961 [T10-ScriptEngine] INFO  JobRequest
##############################################################
### STATE: Completed
##############################################################
{}


2024-05-10 15:52:11,961 [T10-ScriptEngine] INFO  JobRequest
Last job life cycle state: Completed

2024-05-10 15:52:11,961 [T10-ScriptEngine] INFO  JobRequest
Update skipped current step informations.

2024-05-10 15:52:11,970 [T10-ScriptEngine] INFO  JobRequest
##############################################################
### JOB COMPLETED
##############################################################


2024-05-10 15:52:11,973 [T6] DEBUG JobRequest
Callback - State: Completed
{}

2024-05-10 15:52:11,973 [T6] INFO  JobRequest
Callback - EngineClosed

2024-05-10 15:52:11,975 [T6] INFO  JobService
Disconnect agent service

2024-05-10 15:52:11,975 [T6] DEBUG JobRequest
End of Callback Sender

