2024-05-16 08:36:11,958 [T1] INFO  EngineStarter
BOT Engine Start - v3.1.124.00426 at 5/16/2024 8:36:11 AM
EngineID: D_20240516_083611_392
PID : 27152
PPID: 15780
Working Directory: C:\Users\PC\AppData\Roaming\Brity RPA Designer

2024-05-16 08:36:11,969 [T1] INFO  EngineStarter
System Language: en-US
Resolution: 3840 x 1132

2024-05-16 08:36:12,152 [T1] INFO  Config
Initialize Config

2024-05-16 08:36:12,174 [T1] DEBUG Config
Config Loaded

2024-05-16 08:36:12,179 [T1] DEBUG Config
Backup config file.

2024-05-16 08:36:12,187 [T1] INFO  Config
Orchestrator Service => https://bwrpa.samsungsds.com:8777

2024-05-16 08:36:12,191 [T1] INFO  Config
Initialize Resource Config

2024-05-16 08:36:12,210 [T1] DEBUG Config
Refresh Language Information

2024-05-16 08:36:12,259 [T1] INFO  Config
All Config Initialized.

2024-05-16 08:36:12,264 [T1] DEBUG KeyManager
Initialize KeyManager

2024-05-16 08:36:12,264 [T1] DEBUG KeyManager
Load device unique id.

2024-05-16 08:36:12,270 [T1] DEBUG KeyManager
Device ID is initialized.

2024-05-16 08:36:12,295 [T1] INFO  CertLicenseClient
Initialize certificate.

2024-05-16 08:36:12,297 [T1] DEBUG CertLicenseClient
Set Security Protocol: Tls12

2024-05-16 08:36:12,324 [T5] DEBUG JobService
Connect to agent service

2024-05-16 08:36:12,336 [T5] DEBUG JobService
JobService URL : net.tcp://127.0.0.1:59001/rpa/agent

2024-05-16 08:36:12,336 [T5] DEBUG JobService
Open connection

2024-05-16 08:36:12,345 [T5] DEBUG JobService
Register engine to agent

2024-05-16 08:36:12,349 [T1] DEBUG ApplicationInitializer
InitMode: Thread

2024-05-16 08:36:12,354 [T5] DEBUG JobService
Engine is connected to agent service.

2024-05-16 08:36:12,354 [T5] DEBUG JobService
Owner Process PID: 15780

2024-05-16 08:36:12,356 [T1] INFO  LibraryManager
Load Libraries - Started

2024-05-16 08:36:12,357 [T5] INFO  JobService
Start monitoring owner process is terminated.

2024-05-16 08:36:12,364 [T1] DEBUG AddInLoader
Load Assembly : IPA.Lib.Chrome

2024-05-16 08:36:12,539 [T1] DEBUG AddInLoader
Load Assembly : IPA.Lib.Desktop

2024-05-16 08:36:12,663 [T1] DEBUG AddInLoader
Load Assembly : IPA.Lib.Excel

2024-05-16 08:36:12,780 [T1] DEBUG AddInLoader
Load Assembly : IPA.Lib.Flow

2024-05-16 08:36:12,860 [T1] DEBUG AddInLoader
Load Assembly : IPA.Lib.IE

2024-05-16 08:36:12,922 [T1] DEBUG AddInLoader
Load Assembly : IPA.Lib.ImageConverter

2024-05-16 08:36:12,963 [T1] DEBUG AddInLoader
Load Assembly : IPA.Lib.ImageRecognition

2024-05-16 08:36:13,107 [T1] DEBUG AddInLoader
Load Assembly : IPA.Lib.MicrosoftOCR

2024-05-16 08:36:13,162 [T1] DEBUG AddInLoader
Load Assembly : IPA.Lib.Net

2024-05-16 08:36:13,233 [T1] DEBUG AddInLoader
Load Assembly : IPA.Lib.Orchestra

2024-05-16 08:36:13,296 [T1] DEBUG AddInLoader
Load Assembly : IPA.Lib.ProcessFlow

2024-05-16 08:36:13,362 [T1] DEBUG AddInLoader
Load Assembly : IPA.Lib.SAP

2024-05-16 08:36:13,427 [T1] DEBUG AddInLoader
Load Assembly : IPA.Lib.Web

2024-05-16 08:36:13,516 [T1] DEBUG AddInLoader
Load Assembly : IPA.Lib.Win

2024-05-16 08:36:13,614 [T1] INFO  ScreenCapture
Default Screen Capture Bounds: 0,0,3840,1132

2024-05-16 08:36:13,636 [T1] DEBUG AddInLoader
Load Assembly : BrityRPA.AddIn.NativeApp

2024-05-16 08:36:13,720 [T1] DEBUG AddInLoader
Load Assembly : BrityWorks.AddIn.Outlook

2024-05-16 08:36:13,771 [T1] DEBUG AddInLoader
Load Assembly : BrityWorks.AddIn.Pdf

2024-05-16 08:36:13,831 [T1] DEBUG LibraryManager
Load Library - Chrome

2024-05-16 08:36:13,846 [T1] DEBUG LibraryManager
Load Library - Desktop

2024-05-16 08:36:13,862 [T1] DEBUG LibraryManager
Load Library - Excel

2024-05-16 08:36:13,877 [T1] DEBUG LibraryManager
Load Library - Flow

2024-05-16 08:36:13,893 [T1] DEBUG LibraryManager
Load Library - IE

2024-05-16 08:36:13,909 [T1] DEBUG LibraryManager
Load Library - ImageConverter

2024-05-16 08:36:13,923 [T1] DEBUG LibraryManager
Load Library - ImageRecognition

2024-05-16 08:36:13,939 [T1] DEBUG LibraryManager
Load Library - MicrosoftOCR

2024-05-16 08:36:13,956 [T1] DEBUG LibraryManager
Load Library - NativeApp

2024-05-16 08:36:13,971 [T1] DEBUG LibraryManager
Load Library - Net

2024-05-16 08:36:13,987 [T1] DEBUG LibraryManager
Load Library - Orchestra

2024-05-16 08:36:14,002 [T1] DEBUG LibraryManager
Load Library - Outlook

2024-05-16 08:36:14,018 [T1] DEBUG LibraryManager
Load Library - Pdf

2024-05-16 08:36:14,034 [T1] DEBUG LibraryManager
Load Library - SAP

2024-05-16 08:36:14,050 [T1] DEBUG LibraryManager
Load Library - Web

2024-05-16 08:36:14,065 [T1] DEBUG LibraryManager
Load Library - Win

2024-05-16 08:36:14,081 [T1] DEBUG LibraryManager
Load Library - WorkFlow

2024-05-16 08:36:14,087 [T1] DEBUG LibraryManager
Load built-in script libraries

2024-05-16 08:36:14,236 [T1] INFO  LibraryManager
Load Libraries - Completed.

2024-05-16 08:36:14,243 [T1] INFO  App
Launch Arguments: Total: 6 |  -eid D_20240516_083611_392 -runtype ProcRunner -ppid 15780

2024-05-16 08:36:14,244 [T1] DEBUG Config
Refresh Language Information

2024-05-16 08:36:14,244 [T1] DEBUG LibraryManager
LibraryManager Initialized.

2024-05-16 08:36:33,572 [T10] INFO  JobService
Start Job: MyProcess (Foreground)
{
  "JobType": 1,
  "State": 0,
  "IsRunning": false,
  "ResultMessage": null,
  "StartTime": "2024-05-16 08:36:33",
  "EndTime": null,
  "JobId": "Designer_20240516_083633_216",
  "UserAuthentication": null,
  "ProcessPath": "C:\\BrityLockNLock\\p_NewProduct_RPA_SCM\\MyProcess.proc",
  "ProcessId": "9d750e41-5f7b-453c-8d62-6ffc591cde8f",
  "ProcessVer": "",
  "ProcessArgs": null,
  "RequesterType": 3,
  "RequesterId": "designer",
  "RequesterPID": 15780,
  "OptionsJsonString": null,
  "TimeoutSec": 0,
  "EngineID": "D_20240516_083611_392",
  "EnginePID": 0,
  "EngineRecommededVersion": "",
  "JobWorkDir": "C:\\BrityLockNLock\\p_NewProduct_RPA_SCM\\Histories\\20240516_083633_MyProcess_Designer_20240516_083633_216",
  "JobLogDir": "C:\\BrityLockNLock\\p_NewProduct_RPA_SCM\\Histories\\20240516_083633_MyProcess_Designer_20240516_083633_216\\Log",
  "JobScreenshotDir": "C:\\BrityLockNLock\\p_NewProduct_RPA_SCM\\Histories\\20240516_083633_MyProcess_Designer_20240516_083633_216\\Log\\Screenshot"
}

2024-05-16 08:36:33,669 [T7] DEBUG JobService
Waiting library loading...

2024-05-16 08:36:33,671 [T7] DEBUG Config
Reload User Settings

2024-05-16 08:36:33,671 [T7] INFO  JobService
Config Loading Completed.

2024-05-16 08:36:33,671 [T7] DEBUG JobService
Config Loading Time: 2 ms.

2024-05-16 08:36:33,675 [T7] DEBUG JobService
Check Shared Token

2024-05-16 08:36:33,675 [T7] DEBUG TokenManager
Load connection token

2024-05-16 08:36:33,676 [T7] DEBUG TokenManager
Clear Connection Token - No Shared Token

2024-05-16 08:36:33,680 [T7] DEBUG ServerInformationClient
get server features for engine bot from config.

2024-05-16 08:36:33,681 [T7] INFO  Config
Try to load server features from config.

2024-05-16 08:36:33,682 [T7] INFO  TokenManager
SecurityType : v2

2024-05-16 08:36:33,684 [T7] INFO  JobService
Shared Token - No Token

2024-05-16 08:36:33,687 [T7] INFO  JobManager
Create JobManager instance for job MyProcess(Designer_20240516_083633_216)

2024-05-16 08:36:33,691 [T7] INFO  JobRequest
Job ID : Designer_20240516_083633_216
Project Path  : C:\BrityLockNLock\p_NewProduct_RPA_SCM\p_NewProduct_RPA_SCM.proj
Process Name  : MyProcess
Engine Mode   : Designer
Requester Type: Designer
Requester PID : 15780

2024-05-16 08:36:33,694 [T4] INFO  JobRequest
Start Callback Sender

2024-05-16 08:36:33,694 [T4] DEBUG JobRequest
Step Callback Interval: 500

2024-05-16 08:36:33,722 [T7] DEBUG ProjectManager
Set Project Information

2024-05-16 08:36:33,743 [T7] INFO  PlayOptionManager
PlayOption
- Step Interval : 1
- Disable DrawBounds : False
- Invoke First : False
- Allow Upload of DumpScreen results : False

2024-05-16 08:36:33,743 [T7] INFO  JobRunner
Initialize Script Engine

2024-05-16 08:36:33,757 [T13-ScriptEngine] INFO  JobRequest
##############################################################
### STATE: Initializing
##############################################################


2024-05-16 08:36:33,774 [T4] DEBUG JobRequest
Callback - State: Initializing


2024-05-16 08:36:34,127 [T13-ScriptEngine] INFO  JobRequest
##############################################################
### STATE: Ready
##############################################################


2024-05-16 08:36:34,128 [T4] DEBUG JobRequest
Callback - State: Ready


2024-05-16 08:36:34,136 [T7] INFO  JobRunnerHook
HotKey Hook Started

2024-05-16 08:36:34,136 [T7] INFO  JobRequest
##############################################################
### STATE: Starting
##############################################################


2024-05-16 08:36:34,137 [T13-ScriptEngine] INFO  JobRunner
RunProcess start

2024-05-16 08:36:34,140 [T13-ScriptEngine] INFO  JobRequest
##############################################################
### STATE: Running
##############################################################


2024-05-16 08:36:34,140 [T13-ScriptEngine] INFO  JobRequest
Last job life cycle state: Running

2024-05-16 08:36:34,144 [T4] DEBUG JobRequest
Callback - State: Starting


2024-05-16 08:36:34,160 [T4] DEBUG JobRequest
Callback - State: Running


2024-05-16 08:36:34,234 [T13-ScriptEngine] WARN  ProcessDataValidator
It can be occurred a malfunction to play MyProcess,
because this system is different from designed system environment.
(OS, Resolution, etc)

2024-05-16 08:36:34,245 [T13-ScriptEngine] WARN  ProcessDataValidator
It can be occurred a malfunction to play T1_before_Task,
because this system is different from designed system environment.
(OS, Resolution, etc)

2024-05-16 08:36:34,247 [T13-ScriptEngine] WARN  ProcessDataValidator
It can be occurred a malfunction to play tco_kill_process,
because this system is different from designed system environment.
(OS, Resolution, etc)

2024-05-16 08:36:34,250 [T13-ScriptEngine] WARN  ProcessDataValidator
It can be occurred a malfunction to play tco_config,
because this system is different from designed system environment.
(OS, Resolution, etc)

2024-05-16 08:36:34,351 [T13-ScriptEngine] WARN  ProcessDataValidator
It can be occurred a malfunction to play T_출하실적_Shipment_Performance,
because this system is different from designed system environment.
(OS, Resolution, etc)

2024-05-16 08:36:35,183 [T13-ScriptEngine] DEBUG ScreenCapture
DirectX Screen Capture Initialized.

2024-05-16 08:36:35,269 [T13-ScriptEngine] DEBUG JobRunner
DirectX ScreenCapture Checked.

2024-05-16 08:36:35,289 [T13-ScriptEngine] INFO  JobRequest
##############################################################
### STATE: StartProcess - MyProcess
##############################################################
9d750e41-5f7b-453c-8d62-6ffc591cde8f
MyProcess


2024-05-16 08:36:35,331 [T13-ScriptEngine] INFO  JobRequest
**************************************************************
*** TASK: MyProcess
**************************************************************
 - STEP 1: S23aa70b068ac4b25adf3c7625fdd18ac (1/3) - (1/37)
 - [1] RunTask


2024-05-16 08:36:35,393 [T13-ScriptEngine] INFO  JobRequest
##############################################################
### STATE: StartTask - T1_before_Task
##############################################################
2537983c-d928-4592-8529-c1fd941c700d
T1_before_Task


2024-05-16 08:36:35,403 [T13-ScriptEngine] INFO  JobRequest
**************************************************************
*** TASK: T1_before_Task
**************************************************************
 - STEP 2: S64ba49f48afa47b092176e86cbdd4f53 (1/8) - (2/37)
 - [1] RunTask


2024-05-16 08:36:35,404 [T13-ScriptEngine] INFO  JobRequest
##############################################################
### STATE: StartTask - tco_kill_process
##############################################################
a661133b-f01d-4fe3-a057-130dfe2fae3c
tco_kill_process


2024-05-16 08:36:35,419 [T13-ScriptEngine] INFO  JobRequest
**************************************************************
*** TASK: tco_kill_process
**************************************************************
 - STEP 3: S87a80ebb00f1497f85cd370223b66663 (1/7) - (3/37)
 - [1] CloseAll


2024-05-16 08:36:35,442 [T13-ScriptEngine] DEBUG UIAHelper
CloseAll: excel.exe

2024-05-16 08:36:36,457 [T13-ScriptEngine] INFO  JobRunner
[PASS] TASK: tco_kill_process

2024-05-16 08:36:36,464 [T13-ScriptEngine] INFO  JobRequest
##############################################################
### STATE: EndTask - tco_kill_process
##############################################################
a661133b-f01d-4fe3-a057-130dfe2fae3c
tco_kill_process


2024-05-16 08:36:36,474 [T13-ScriptEngine] INFO  JobRequest
**************************************************************
*** TASK: T1_before_Task
**************************************************************
 - STEP 4: Sbead5a5230b444ceb6bf2294c359c68e (2/8) - (4/37)
 - [2] Block


2024-05-16 08:36:36,489 [T13-ScriptEngine] INFO  JobRequest
 - STEP 5: Sf8b9ecbc42f14fcb88c646423f5b09b0 (3/8) - (5/37)
 - [3] ExecuteScript


2024-05-16 08:36:36,504 [T13-ScriptEngine] INFO  JobRequest
 - STEP 6: S8975f1f04dc1428db16185565f43821f (4/8) - (6/37)
 - [4] RunTask


2024-05-16 08:36:36,511 [T13-ScriptEngine] INFO  JobRequest
##############################################################
### STATE: StartTask - tco_config
##############################################################
02db42fa-f0c2-4aab-8e19-952fea6305c3
tco_config


2024-05-16 08:36:36,520 [T13-ScriptEngine] INFO  JobRequest
**************************************************************
*** TASK: tco_config
**************************************************************
 - STEP 7: S45bab63c4786483698a629950d8440a0 (3/10) - (7/37)
 - [3] IfThen


2024-05-16 08:36:36,536 [T13-ScriptEngine] INFO  JobRequest
 - STEP 8: Sc972bbc7e1a2424e90fdfec2fd3a95e9 (4/10) - (8/37)
 - [4] OpenExcel


2024-05-16 08:36:39,924 [T13-ScriptEngine] INFO  JobRequest
 - STEP 9: S35e65cc4f0c040719be071d6a0a6338f (5/10) - (9/37)
 - [5] ExecuteMacro


2024-05-16 08:36:40,708 [T13-ScriptEngine] INFO  JobRequest
 - STEP 10: S01120c5dd0f34d6f923b5180596a0620 (6/10) - (10/37)
 - [6] CloseExcel


2024-05-16 08:36:40,727 [T13-ScriptEngine] DEBUG ExcelBase
DisposeExcel

2024-05-16 08:36:42,058 [T13-ScriptEngine] INFO  JobRequest
 - STEP 11: S902ba0407b5b4a8784a25eacbd6ce2f6 (7/10) - (11/37)
 - [7] End-IfThen


2024-05-16 08:36:42,074 [T13-ScriptEngine] INFO  JobRequest
 - STEP 12: Sfd50655a7aeb4aa49af6ac3ab6947269 (8/10) - (12/37)
 - [8] ExecuteScript


2024-05-16 08:36:42,104 [T13-ScriptEngine] INFO  JobRequest
 - STEP 13: Se4310e79f3fd4dfc91c5efb4f6b2c2eb (9/10) - (13/37)
 - [9] GetSpecialFolder


2024-05-16 08:36:42,120 [T13-ScriptEngine] INFO  JobRequest
 - STEP 14: Sd231ebaf79ba48bd900d24535d9e654e (10/10) - (14/37)
 - [10] ExecuteScript


2024-05-16 08:36:42,121 [T13-ScriptEngine] INFO  JobRunner
[PASS] TASK: tco_config

2024-05-16 08:36:42,121 [T13-ScriptEngine] INFO  JobRequest
##############################################################
### STATE: EndTask - tco_config
##############################################################
02db42fa-f0c2-4aab-8e19-952fea6305c3
tco_config


2024-05-16 08:36:42,136 [T13-ScriptEngine] INFO  JobRequest
**************************************************************
*** TASK: T1_before_Task
**************************************************************
 - STEP 15: S8498a872428249a5a6fd4ce4d675f950 (5/8) - (15/37)
 - [5] ExecuteScript


2024-05-16 08:36:42,152 [T13-ScriptEngine] INFO  JobRequest
 - STEP 16: Sd97ace96c2a24b0490f658bdb8348627 (6/8) - (16/37)
 - [6] ExecuteScript


2024-05-16 08:36:42,167 [T13-ScriptEngine] INFO  JobRequest
 - STEP 17: Sb0b951054b4a434dbabaf2eadcd2ece0 (8/8) - (17/37)
 - [8] End-Block


2024-05-16 08:36:42,168 [T13-ScriptEngine] INFO  JobRunner
[PASS] TASK: T1_before_Task

2024-05-16 08:36:42,169 [T13-ScriptEngine] INFO  JobRequest
##############################################################
### STATE: EndTask - T1_before_Task
##############################################################
2537983c-d928-4592-8529-c1fd941c700d
T1_before_Task


2024-05-16 08:36:42,183 [T13-ScriptEngine] INFO  JobRequest
**************************************************************
*** TASK: MyProcess
**************************************************************
 - STEP 18: Sed2485d6ec024ac094e4d43fae3c3125 (2/3) - (18/37)
 - [2] RunTask


2024-05-16 08:36:42,184 [T13-ScriptEngine] INFO  JobRequest
##############################################################
### STATE: StartTask - T_Copy_File_From_Shared_Folder
##############################################################
9aae0956-ad2f-4a09-9ca0-ce08f267c52a
T_Copy_File_From_Shared_Folder


2024-05-16 08:36:42,199 [T13-ScriptEngine] INFO  JobRequest
**************************************************************
*** TASK: T_Copy_File_From_Shared_Folder
**************************************************************
 - STEP 19: S2eadf86603b34054a812b8c3aed480ff (1/5) - (19/37)
 - [1] IsFileExist


2024-05-16 08:36:42,215 [T13-ScriptEngine] INFO  JobRequest
 - STEP 20: Sb217df47d90a4513b8502bc0aef74a32 (2/5) - (20/37)
 - [2] IfThen


2024-05-16 08:36:42,230 [T13-ScriptEngine] INFO  JobRequest
 - STEP 21: S61743774f90d4914adccdfa07bd1022d (4/5) - (22/37)
 - [4] End-IfThen


2024-05-16 08:36:42,246 [T13-ScriptEngine] INFO  JobRequest
 - STEP 22: S9fdc55261d084e31b2de5df33fefc1cc (5/5) - (23/37)
 - [5] CopyFile


2024-05-16 08:36:50,163 [T13-ScriptEngine] INFO  JobRunner
[PASS] TASK: T_Copy_File_From_Shared_Folder

2024-05-16 08:36:50,164 [T13-ScriptEngine] INFO  JobRequest
##############################################################
### STATE: EndTask - T_Copy_File_From_Shared_Folder
##############################################################
9aae0956-ad2f-4a09-9ca0-ce08f267c52a
T_Copy_File_From_Shared_Folder


2024-05-16 08:36:50,179 [T13-ScriptEngine] INFO  JobRequest
**************************************************************
*** TASK: MyProcess
**************************************************************
 - STEP 23: S623ab20c8c11496381cd30958eececd5 (3/3) - (24/37)
 - [3] RunTask


2024-05-16 08:36:50,193 [T13-ScriptEngine] INFO  JobRequest
##############################################################
### STATE: StartTask - T_출하실적_Shipment_Performance
##############################################################
694f54f7-f344-4340-bc21-3a225db05942
T_출하실적_Shipment_Performance


2024-05-16 08:36:50,210 [T13-ScriptEngine] INFO  JobRequest
**************************************************************
*** TASK: T_출하실적_Shipment_Performance
**************************************************************
 - STEP 24: S8e80227aefc7465f82ecf9c5b1fa6072 (1/19) - (25/37)
 - [1] OpenExcel


2024-05-16 08:37:05,817 [T13-ScriptEngine] INFO  JobRequest
 - STEP 25: Sb0638a4267f24a8e9116ea30204f77c4 (2/19) - (26/37)
 - [2] Click


2024-05-16 08:37:05,957 [T21] INFO  UIAEventHandler
Start UIA event handler

2024-05-16 08:37:06,161 [T21] DEBUG UIAEventHandler
UI Structure Changed Count: 0

2024-05-16 08:37:06,161 [T21] INFO  UIAEventHandler
Waiting additional time 163 msec for the screen structure is changing. Requested interval: 200 msec.

2024-05-16 08:37:31,437 [T13-ScriptEngine] INFO  JobRunner
Stop Job Runner - Cause: LocalUser / Message: Catch Step Exception

2024-05-16 08:37:31,438 [T13-ScriptEngine] INFO  JobRequest
##############################################################
### STATE: Stopping
##############################################################
Catch Step Exception


2024-05-16 08:37:31,441 [T4] DEBUG JobRequest
Callback - State: Stopping
Catch Step Exception

2024-05-16 08:37:31,445 [T13-ScriptEngine] WARN  ScriptSupport
[CATCH_STEP_EXCEPTION] Process: MyProcess
Task: T_출하실적_Shipment_Performance
Step: Click (2/19)

Error: Target object does not exist, or can not be identified with current properties.

A total of 1078 candidate objects were reviewed on 1 target app screens by attempting 16 searches for 10 seconds, but no target objects were found.

The current properties are as follows.

Application: EXCEL
App Object Type: Window
Target Type: Button
Target Name: 파일 탭
Target Path: Window|XLMAIN||Win32|False||3|tempfile.xlsx - Excel/Pane|EXCEL2||Win32|False||2|/ToolBar|MsoCommandBar||Win32|False||0|/Pane|MsoWorkPane||Win32|False||0|Ribbon/Pane|NUIPane||Win32|False||0|/Pane|NetUIHWNDElement||Win32|False||0|/Pane|NetUInetpane||Win32|False||0|Ribbon/Button|NetUIRibbonTab|FileTabButton|Win32|False||7|파일 탭

2024-05-16 08:37:31,446 [T13-ScriptEngine] FINE  JobRunner
RunTask ExceptionOccured. TASK: T_출하실적_Shipment_Performance => Target object does not exist, or can not be identified with current properties.

A total of 1078 candidate objects were reviewed on 1 target app screens by attempting 16 searches for 10 seconds, but no target objects were found.

The current properties are as follows.

Application: EXCEL
App Object Type: Window
Target Type: Button
Target Name: 파일 탭
Target Path: Window|XLMAIN||Win32|False||3|tempfile.xlsx - Excel/Pane|EXCEL2||Win32|False||2|/ToolBar|MsoCommandBar||Win32|False||0|/Pane|MsoWorkPane||Win32|False||0|Ribbon/Pane|NUIPane||Win32|False||0|/Pane|NetUIHWNDElement||Win32|False||0|/Pane|NetUInetpane||Win32|False||0|Ribbon/Button|NetUIRibbonTab|FileTabButton|Win32|False||7|파일 탭

2024-05-16 08:37:31,455 [T13-ScriptEngine] INFO  JobRequest
##############################################################
### STATE: EndTask - T_출하실적_Shipment_Performance
##############################################################
694f54f7-f344-4340-bc21-3a225db05942
T_출하실적_Shipment_Performance


2024-05-16 08:37:31,472 [T13-ScriptEngine] DEBUG JobRunner
RunTask ExceptionOccured. TASK: MyProcess => Process: MyProcess
Task: T_출하실적_Shipment_Performance
Step: Click (2/19)
Target object does not exist, or can not be identified with current properties.

A total of 1078 candidate objects were reviewed on 1 target app screens by attempting 16 searches for 10 seconds, but no target objects were found.

The current properties are as follows.

Application: EXCEL
App Object Type: Window
Target Type: Button
Target Name: 파일 탭
Target Path: Window|XLMAIN||Win32|False||3|tempfile.xlsx - Excel/Pane|EXCEL2||Win32|False||2|/ToolBar|MsoCommandBar||Win32|False||0|/Pane|MsoWorkPane||Win32|False||0|Ribbon/Pane|NUIPane||Win32|False||0|/Pane|NetUIHWNDElement||Win32|False||0|/Pane|NetUInetpane||Win32|False||0|Ribbon/Button|NetUIRibbonTab|FileTabButton|Win32|False||7|파일 탭

2024-05-16 08:37:31,472 [T13-ScriptEngine] INFO  JobRequest
##############################################################
### STATE: EndProcess - MyProcess
##############################################################
9d750e41-5f7b-453c-8d62-6ffc591cde8f
MyProcess


2024-05-16 08:37:31,494 [T13-ScriptEngine] DEBUG JobManager
Set Result State: Stopped

2024-05-16 08:37:31,497 [T13-ScriptEngine] INFO  JobRunner
Make report.

2024-05-16 08:37:31,536 [T13-ScriptEngine] INFO  JobRunner
Start to clean up resources.

2024-05-16 08:37:31,537 [T13-ScriptEngine] DEBUG JobRunner
OnProcessCompleted

2024-05-16 08:37:31,537 [T11] DEBUG JobRunner
Start timer for checking the job to be completed.

2024-05-16 08:37:31,539 [T13-ScriptEngine] DEBUG ExcelBase
DisposeExcel

2024-05-16 08:37:31,558 [T13-ScriptEngine] INFO  JobRunner
Start to clean up resources.

2024-05-16 08:37:31,560 [T13-ScriptEngine] DEBUG JobRunner
Remove all libraries

2024-05-16 08:37:31,571 [T13-ScriptEngine] DEBUG NetPlayer
WebPlayer OnDispose

2024-05-16 08:37:31,573 [T13-ScriptEngine] DEBUG WebPlayer
WebPlayer OnDispose : Do Nothing

2024-05-16 08:37:31,574 [T13-ScriptEngine] DEBUG UIAEventHandler
Stop UIA event handler

2024-05-16 08:37:31,582 [T13-ScriptEngine] DEBUG UiaAppHelper
WinHelper DisposeAppList Count: 0

2024-05-16 08:37:31,582 [T13-ScriptEngine] INFO  JobRunner
All Resources Clear

2024-05-16 08:37:31,584 [T13-ScriptEngine] DEBUG JobRunner
OnCompleted

2024-05-16 08:37:31,585 [T13-ScriptEngine] DEBUG JobRunner
SendJobResult: Stopped

2024-05-16 08:37:31,585 [T13-ScriptEngine] INFO  JobRequest
##############################################################
### STATE: Stopped
##############################################################
Process: MyProcess

Process: MyProcess
Task: T_출하실적_Shipment_Performance
Step: Click (2/19)
Target object does not exist, or can not be identified with current properties.

A total of 1078 candidate objects were reviewed on 1 target app screens by attempting 16 searches for 10 seconds, but no target objects were found.

The current properties are as follows.

Application: EXCEL
App Object Type: Window
Target Type: Button
Target Name: 파일 탭
Target Path: Window|XLMAIN||Win32|False||3|tempfile.xlsx - Excel/Pane|EXCEL2||Win32|False||2|/ToolBar|MsoCommandBar||Win32|False||0|/Pane|MsoWorkPane||Win32|False||0|Ribbon/Pane|NUIPane||Win32|False||0|/Pane|NetUIHWNDElement||Win32|False||0|/Pane|NetUInetpane||Win32|False||0|Ribbon/Button|NetUIRibbonTab|FileTabButton|Win32|False||7|파일 탭


2024-05-16 08:37:31,585 [T13-ScriptEngine] INFO  JobRequest
Last job life cycle state: Stopped

2024-05-16 08:37:31,585 [T13-ScriptEngine] INFO  JobRequest
Update skipped current step informations.

2024-05-16 08:37:31,596 [T13-ScriptEngine] INFO  JobRequest
##############################################################
### JOB COMPLETED
##############################################################


2024-05-16 08:37:31,598 [T4] DEBUG JobRequest
Callback - State: Stopped
Process: MyProcess

Process: MyProcess
Task: T_출하실적_Shipment_Performance
Step: Click (2/19)
Target object does not exist, or can not be identified with current properties.

A total of 1078 candidate objects were reviewed on 1 target app screens by attempting 16 searches for 10 seconds, but no target objects were found.

The current properties are as follows.

Application: EXCEL
App Object Type: Window
Target Type: Button
Target Name: 파일 탭
Target Path: Window|XLMAIN||Win32|False||3|tempfile.xlsx - Excel/Pane|EXCEL2||Win32|False||2|/ToolBar|MsoCommandBar||Win32|False||0|/Pane|MsoWorkPane||Win32|False||0|Ribbon/Pane|NUIPane||Win32|False||0|/Pane|NetUIHWNDElement||Win32|False||0|/Pane|NetUInetpane||Win32|False||0|Ribbon/Button|NetUIRibbonTab|FileTabButton|Win32|False||7|파일 탭

2024-05-16 08:37:31,599 [T4] INFO  JobRequest
Callback - EngineClosed

2024-05-16 08:37:31,599 [T4] INFO  JobService
Disconnect agent service

2024-05-16 08:37:31,600 [T4] DEBUG JobRequest
End of Callback Sender

