2024-05-16 09:00:55,687 [T1] INFO  EngineStarter
BOT Engine Start - v3.1.124.00426 at 5/16/2024 9:00:55 AM
EngineID: D_20240516_090055_175
PID : 1904
PPID: 7920
Working Directory: C:\Users\PC\AppData\Roaming\Brity RPA Designer

2024-05-16 09:00:55,699 [T1] INFO  EngineStarter
System Language: en-US
Resolution: 1920 x 1080

2024-05-16 09:00:55,875 [T1] INFO  Config
Initialize Config

2024-05-16 09:00:55,898 [T1] DEBUG Config
Config Loaded

2024-05-16 09:00:55,899 [T1] DEBUG Config
Backup config file.

2024-05-16 09:00:55,915 [T1] INFO  Config
Orchestrator Service => https://bwrpa.samsungsds.com:8777

2024-05-16 09:00:55,918 [T1] INFO  Config
Initialize Resource Config

2024-05-16 09:00:55,935 [T1] DEBUG Config
Refresh Language Information

2024-05-16 09:00:55,980 [T1] INFO  Config
All Config Initialized.

2024-05-16 09:00:55,984 [T1] DEBUG KeyManager
Initialize KeyManager

2024-05-16 09:00:55,985 [T1] DEBUG KeyManager
Load device unique id.

2024-05-16 09:00:55,991 [T1] DEBUG KeyManager
Device ID is initialized.

2024-05-16 09:00:56,017 [T1] INFO  CertLicenseClient
Initialize certificate.

2024-05-16 09:00:56,019 [T1] DEBUG CertLicenseClient
Set Security Protocol: Tls12

2024-05-16 09:00:56,045 [T5] DEBUG JobService
Connect to agent service

2024-05-16 09:00:56,053 [T5] DEBUG JobService
JobService URL : net.tcp://127.0.0.1:59001/rpa/agent

2024-05-16 09:00:56,053 [T5] DEBUG JobService
Open connection

2024-05-16 09:00:56,060 [T5] DEBUG JobService
Register engine to agent

2024-05-16 09:00:56,064 [T5] DEBUG JobService
Engine is connected to agent service.

2024-05-16 09:00:56,064 [T5] DEBUG JobService
Owner Process PID: 7920

2024-05-16 09:00:56,067 [T5] INFO  JobService
Start monitoring owner process is terminated.

2024-05-16 09:00:56,068 [T1] DEBUG ApplicationInitializer
InitMode: Thread

2024-05-16 09:00:56,076 [T1] INFO  LibraryManager
Load Libraries - Started

2024-05-16 09:00:56,084 [T1] DEBUG AddInLoader
Load Assembly : IPA.Lib.Chrome

2024-05-16 09:00:56,178 [T8] INFO  JobService
Start Job: MyProcess (Foreground)
{
  "JobType": 1,
  "State": 0,
  "IsRunning": false,
  "ResultMessage": null,
  "StartTime": "2024-05-16 09:00:55",
  "EndTime": null,
  "JobId": "Designer_20240516_090054_955",
  "UserAuthentication": null,
  "ProcessPath": "C:\\BrityLockNLock\\p_NewProduct_RPA_SCM\\MyProcess.proc",
  "ProcessId": "9d750e41-5f7b-453c-8d62-6ffc591cde8f",
  "ProcessVer": "",
  "ProcessArgs": null,
  "RequesterType": 3,
  "RequesterId": "designer",
  "RequesterPID": 7920,
  "OptionsJsonString": null,
  "TimeoutSec": 0,
  "EngineID": "D_20240516_090055_175",
  "EnginePID": 0,
  "EngineRecommededVersion": "",
  "JobWorkDir": "C:\\BrityLockNLock\\p_NewProduct_RPA_SCM\\Histories\\20240516_090055_MyProcess_Designer_20240516_090054_955",
  "JobLogDir": "C:\\BrityLockNLock\\p_NewProduct_RPA_SCM\\Histories\\20240516_090055_MyProcess_Designer_20240516_090054_955\\Log",
  "JobScreenshotDir": "C:\\BrityLockNLock\\p_NewProduct_RPA_SCM\\Histories\\20240516_090055_MyProcess_Designer_20240516_090054_955\\Log\\Screenshot"
}

2024-05-16 09:00:56,253 [T1] DEBUG AddInLoader
Load Assembly : IPA.Lib.Desktop

2024-05-16 09:00:56,290 [T7] DEBUG JobService
Waiting library loading...

2024-05-16 09:00:56,382 [T1] DEBUG AddInLoader
Load Assembly : IPA.Lib.Excel

2024-05-16 09:00:56,496 [T1] DEBUG AddInLoader
Load Assembly : IPA.Lib.Flow

2024-05-16 09:00:56,576 [T1] DEBUG AddInLoader
Load Assembly : IPA.Lib.IE

2024-05-16 09:00:56,641 [T1] DEBUG AddInLoader
Load Assembly : IPA.Lib.ImageConverter

2024-05-16 09:00:56,684 [T1] DEBUG AddInLoader
Load Assembly : IPA.Lib.ImageRecognition

2024-05-16 09:00:56,820 [T1] DEBUG AddInLoader
Load Assembly : IPA.Lib.MicrosoftOCR

2024-05-16 09:00:56,863 [T1] DEBUG AddInLoader
Load Assembly : IPA.Lib.Net

2024-05-16 09:00:56,923 [T1] DEBUG AddInLoader
Load Assembly : IPA.Lib.Orchestra

2024-05-16 09:00:56,984 [T1] DEBUG AddInLoader
Load Assembly : IPA.Lib.ProcessFlow

2024-05-16 09:00:57,044 [T1] DEBUG AddInLoader
Load Assembly : IPA.Lib.SAP

2024-05-16 09:00:57,102 [T1] DEBUG AddInLoader
Load Assembly : IPA.Lib.Web

2024-05-16 09:00:57,176 [T1] DEBUG AddInLoader
Load Assembly : IPA.Lib.Win

2024-05-16 09:00:57,266 [T1] INFO  ScreenCapture
Default Screen Capture Bounds: 0,0,1920,1080

2024-05-16 09:00:57,286 [T1] DEBUG AddInLoader
Load Assembly : BrityRPA.AddIn.NativeApp

2024-05-16 09:00:57,366 [T1] DEBUG AddInLoader
Load Assembly : BrityWorks.AddIn.Outlook

2024-05-16 09:00:57,420 [T1] DEBUG AddInLoader
Load Assembly : BrityWorks.AddIn.Pdf

2024-05-16 09:00:57,480 [T1] DEBUG LibraryManager
Load Library - Chrome

2024-05-16 09:00:57,496 [T1] DEBUG LibraryManager
Load Library - Desktop

2024-05-16 09:00:57,512 [T1] DEBUG LibraryManager
Load Library - Excel

2024-05-16 09:00:57,527 [T1] DEBUG LibraryManager
Load Library - Flow

2024-05-16 09:00:57,543 [T1] DEBUG LibraryManager
Load Library - IE

2024-05-16 09:00:57,559 [T1] DEBUG LibraryManager
Load Library - ImageConverter

2024-05-16 09:00:57,575 [T1] DEBUG LibraryManager
Load Library - ImageRecognition

2024-05-16 09:00:57,591 [T1] DEBUG LibraryManager
Load Library - MicrosoftOCR

2024-05-16 09:00:57,607 [T1] DEBUG LibraryManager
Load Library - NativeApp

2024-05-16 09:00:57,622 [T1] DEBUG LibraryManager
Load Library - Net

2024-05-16 09:00:57,638 [T1] DEBUG LibraryManager
Load Library - Orchestra

2024-05-16 09:00:57,654 [T1] DEBUG LibraryManager
Load Library - Outlook

2024-05-16 09:00:57,670 [T1] DEBUG LibraryManager
Load Library - Pdf

2024-05-16 09:00:57,686 [T1] DEBUG LibraryManager
Load Library - SAP

2024-05-16 09:00:57,702 [T1] DEBUG LibraryManager
Load Library - Web

2024-05-16 09:00:57,718 [T1] DEBUG LibraryManager
Load Library - Win

2024-05-16 09:00:57,734 [T1] DEBUG LibraryManager
Load Library - WorkFlow

2024-05-16 09:00:57,742 [T1] DEBUG LibraryManager
Load built-in script libraries

2024-05-16 09:00:57,883 [T1] INFO  LibraryManager
Load Libraries - Completed.

2024-05-16 09:00:57,890 [T1] INFO  App
Launch Arguments: Total: 6 |  -eid D_20240516_090055_175 -runtype ProcRunner -ppid 7920

2024-05-16 09:00:57,890 [T1] DEBUG Config
Refresh Language Information

2024-05-16 09:00:57,890 [T1] DEBUG LibraryManager
LibraryManager Initialized.

2024-05-16 09:00:57,894 [T7] DEBUG Config
Reload User Settings

2024-05-16 09:00:57,895 [T7] INFO  JobService
Config Loading Completed.

2024-05-16 09:00:57,895 [T7] DEBUG JobService
Config Loading Time: 1604 ms.

2024-05-16 09:00:57,898 [T7] DEBUG JobService
Check Shared Token

2024-05-16 09:00:57,899 [T7] DEBUG TokenManager
Load connection token

2024-05-16 09:00:57,900 [T7] DEBUG TokenManager
Clear Connection Token - No Shared Token

2024-05-16 09:00:57,905 [T7] DEBUG ServerInformationClient
get server features for engine bot from config.

2024-05-16 09:00:57,906 [T7] INFO  Config
Try to load server features from config.

2024-05-16 09:00:57,907 [T7] INFO  TokenManager
SecurityType : v2

2024-05-16 09:00:57,909 [T7] INFO  JobService
Shared Token - No Token

2024-05-16 09:00:57,912 [T7] INFO  JobManager
Create JobManager instance for job MyProcess(Designer_20240516_090054_955)

2024-05-16 09:00:57,917 [T7] INFO  JobRequest
Job ID : Designer_20240516_090054_955
Project Path  : C:\BrityLockNLock\p_NewProduct_RPA_SCM\p_NewProduct_RPA_SCM.proj
Process Name  : MyProcess
Engine Mode   : Designer
Requester Type: Designer
Requester PID : 7920

2024-05-16 09:00:57,919 [T4] INFO  JobRequest
Start Callback Sender

2024-05-16 09:00:57,919 [T4] DEBUG JobRequest
Step Callback Interval: 500

2024-05-16 09:00:57,955 [T7] DEBUG ProjectManager
Set Project Information

2024-05-16 09:00:57,977 [T7] INFO  PlayOptionManager
PlayOption
- Step Interval : 1
- Disable DrawBounds : False
- Invoke First : False
- Allow Upload of DumpScreen results : False

2024-05-16 09:00:57,978 [T7] INFO  JobRunner
Initialize Script Engine

2024-05-16 09:00:57,989 [T13-ScriptEngine] INFO  JobRequest
##############################################################
### STATE: Initializing
##############################################################


2024-05-16 09:00:58,007 [T4] DEBUG JobRequest
Callback - State: Initializing


2024-05-16 09:00:58,341 [T13-ScriptEngine] INFO  JobRequest
##############################################################
### STATE: Ready
##############################################################


2024-05-16 09:00:58,349 [T7] INFO  JobRunnerHook
HotKey Hook Started

2024-05-16 09:00:58,350 [T7] INFO  JobRequest
##############################################################
### STATE: Starting
##############################################################


2024-05-16 09:00:58,351 [T13-ScriptEngine] INFO  JobRunner
RunProcess start

2024-05-16 09:00:58,352 [T13-ScriptEngine] INFO  JobRequest
##############################################################
### STATE: Running
##############################################################


2024-05-16 09:00:58,352 [T13-ScriptEngine] INFO  JobRequest
Last job life cycle state: Running

2024-05-16 09:00:58,353 [T4] DEBUG JobRequest
Callback - State: Ready


2024-05-16 09:00:58,353 [T4] DEBUG JobRequest
Callback - State: Starting


2024-05-16 09:00:58,369 [T4] DEBUG JobRequest
Callback - State: Running


2024-05-16 09:00:58,555 [T13-ScriptEngine] WARN  ProcessDataValidator
It can be occurred a malfunction to play T1_before_Task,
because this system is different from designed system environment.
(OS, Resolution, etc)

2024-05-16 09:00:58,557 [T13-ScriptEngine] WARN  ProcessDataValidator
It can be occurred a malfunction to play tco_kill_process,
because this system is different from designed system environment.
(OS, Resolution, etc)

2024-05-16 09:00:58,560 [T13-ScriptEngine] WARN  ProcessDataValidator
It can be occurred a malfunction to play tco_config,
because this system is different from designed system environment.
(OS, Resolution, etc)

2024-05-16 09:00:58,561 [T13-ScriptEngine] WARN  ProcessDataValidator
It can be occurred a malfunction to play T_Copy_File_From_Shared_Folder,
because this system is different from designed system environment.
(OS, Resolution, etc)

2024-05-16 09:00:59,261 [T13-ScriptEngine] DEBUG ScreenCapture
DirectX Screen Capture Initialized.

2024-05-16 09:00:59,328 [T13-ScriptEngine] DEBUG JobRunner
DirectX ScreenCapture Checked.

2024-05-16 09:00:59,347 [T13-ScriptEngine] INFO  JobRequest
##############################################################
### STATE: StartProcess - MyProcess
##############################################################
9d750e41-5f7b-453c-8d62-6ffc591cde8f
MyProcess


2024-05-16 09:00:59,388 [T13-ScriptEngine] INFO  JobRequest
**************************************************************
*** TASK: MyProcess
**************************************************************
 - STEP 1: S23aa70b068ac4b25adf3c7625fdd18ac (1/3) - (1/27)
 - [1] RunTask


2024-05-16 09:00:59,453 [T13-ScriptEngine] INFO  JobRequest
##############################################################
### STATE: StartTask - T1_before_Task
##############################################################
2537983c-d928-4592-8529-c1fd941c700d
T1_before_Task


2024-05-16 09:00:59,460 [T13-ScriptEngine] INFO  JobRequest
**************************************************************
*** TASK: T1_before_Task
**************************************************************
 - STEP 2: S64ba49f48afa47b092176e86cbdd4f53 (1/8) - (2/27)
 - [1] RunTask


2024-05-16 09:00:59,461 [T13-ScriptEngine] INFO  JobRequest
##############################################################
### STATE: StartTask - tco_kill_process
##############################################################
a661133b-f01d-4fe3-a057-130dfe2fae3c
tco_kill_process


2024-05-16 09:00:59,476 [T13-ScriptEngine] INFO  JobRequest
**************************************************************
*** TASK: tco_kill_process
**************************************************************
 - STEP 3: S87a80ebb00f1497f85cd370223b66663 (1/7) - (3/27)
 - [1] CloseAll


2024-05-16 09:00:59,500 [T13-ScriptEngine] DEBUG UIAHelper
CloseAll: excel.exe

2024-05-16 09:01:00,507 [T13-ScriptEngine] INFO  JobRunner
[PASS] TASK: tco_kill_process

2024-05-16 09:01:00,518 [T13-ScriptEngine] INFO  JobRequest
##############################################################
### STATE: EndTask - tco_kill_process
##############################################################
a661133b-f01d-4fe3-a057-130dfe2fae3c
tco_kill_process


2024-05-16 09:01:00,523 [T13-ScriptEngine] INFO  JobRequest
**************************************************************
*** TASK: T1_before_Task
**************************************************************
 - STEP 4: Sbead5a5230b444ceb6bf2294c359c68e (2/8) - (4/27)
 - [2] Block


2024-05-16 09:01:00,539 [T13-ScriptEngine] INFO  JobRequest
 - STEP 5: Sf8b9ecbc42f14fcb88c646423f5b09b0 (3/8) - (5/27)
 - [3] ExecuteScript


2024-05-16 09:01:00,555 [T13-ScriptEngine] INFO  JobRequest
 - STEP 6: S8975f1f04dc1428db16185565f43821f (4/8) - (6/27)
 - [4] RunTask


2024-05-16 09:01:00,563 [T13-ScriptEngine] INFO  JobRequest
##############################################################
### STATE: StartTask - tco_config
##############################################################
02db42fa-f0c2-4aab-8e19-952fea6305c3
tco_config


2024-05-16 09:01:00,571 [T13-ScriptEngine] INFO  JobRequest
**************************************************************
*** TASK: tco_config
**************************************************************
 - STEP 7: S45bab63c4786483698a629950d8440a0 (3/10) - (7/27)
 - [3] IfThen


2024-05-16 09:01:00,587 [T13-ScriptEngine] INFO  JobRequest
 - STEP 8: Sc972bbc7e1a2424e90fdfec2fd3a95e9 (4/10) - (8/27)
 - [4] OpenExcel


2024-05-16 09:01:04,064 [T13-ScriptEngine] INFO  JobRequest
 - STEP 9: S35e65cc4f0c040719be071d6a0a6338f (5/10) - (9/27)
 - [5] ExecuteMacro


2024-05-16 09:01:04,696 [T13-ScriptEngine] INFO  JobRequest
 - STEP 10: S01120c5dd0f34d6f923b5180596a0620 (6/10) - (10/27)
 - [6] CloseExcel


2024-05-16 09:01:04,709 [T13-ScriptEngine] DEBUG ExcelBase
DisposeExcel

2024-05-16 09:01:06,012 [T13-ScriptEngine] INFO  JobRequest
 - STEP 11: S902ba0407b5b4a8784a25eacbd6ce2f6 (7/10) - (11/27)
 - [7] End-IfThen


2024-05-16 09:01:06,027 [T13-ScriptEngine] INFO  JobRequest
 - STEP 12: Sfd50655a7aeb4aa49af6ac3ab6947269 (8/10) - (12/27)
 - [8] ExecuteScript


2024-05-16 09:01:06,059 [T13-ScriptEngine] INFO  JobRequest
 - STEP 13: Se4310e79f3fd4dfc91c5efb4f6b2c2eb (9/10) - (13/27)
 - [9] GetSpecialFolder


2024-05-16 09:01:06,075 [T13-ScriptEngine] INFO  JobRequest
 - STEP 14: Sd231ebaf79ba48bd900d24535d9e654e (10/10) - (14/27)
 - [10] ExecuteScript


2024-05-16 09:01:06,075 [T13-ScriptEngine] INFO  JobRunner
[PASS] TASK: tco_config

2024-05-16 09:01:06,075 [T13-ScriptEngine] INFO  JobRequest
##############################################################
### STATE: EndTask - tco_config
##############################################################
02db42fa-f0c2-4aab-8e19-952fea6305c3
tco_config


2024-05-16 09:01:06,090 [T13-ScriptEngine] INFO  JobRequest
**************************************************************
*** TASK: T1_before_Task
**************************************************************
 - STEP 15: S8498a872428249a5a6fd4ce4d675f950 (5/8) - (15/27)
 - [5] ExecuteScript


2024-05-16 09:01:06,106 [T13-ScriptEngine] INFO  JobRequest
 - STEP 16: Sd97ace96c2a24b0490f658bdb8348627 (6/8) - (16/27)
 - [6] ExecuteScript


2024-05-16 09:01:06,121 [T13-ScriptEngine] INFO  JobRequest
 - STEP 17: Sb0b951054b4a434dbabaf2eadcd2ece0 (8/8) - (17/27)
 - [8] End-Block


2024-05-16 09:01:06,121 [T13-ScriptEngine] INFO  JobRunner
[PASS] TASK: T1_before_Task

2024-05-16 09:01:06,123 [T13-ScriptEngine] INFO  JobRequest
##############################################################
### STATE: EndTask - T1_before_Task
##############################################################
2537983c-d928-4592-8529-c1fd941c700d
T1_before_Task


2024-05-16 09:01:06,137 [T13-ScriptEngine] INFO  JobRequest
**************************************************************
*** TASK: MyProcess
**************************************************************
 - STEP 18: Sed2485d6ec024ac094e4d43fae3c3125 (2/3) - (18/27)
 - [2] RunTask


2024-05-16 09:01:06,138 [T13-ScriptEngine] INFO  JobRequest
##############################################################
### STATE: StartTask - T_Copy_File_From_Shared_Folder
##############################################################
9aae0956-ad2f-4a09-9ca0-ce08f267c52a
T_Copy_File_From_Shared_Folder


2024-05-16 09:01:06,153 [T13-ScriptEngine] INFO  JobRequest
**************************************************************
*** TASK: T_Copy_File_From_Shared_Folder
**************************************************************
 - STEP 19: S2eadf86603b34054a812b8c3aed480ff (1/5) - (19/27)
 - [1] IsFileExist


2024-05-16 09:01:06,169 [T13-ScriptEngine] INFO  JobRequest
 - STEP 20: Sb217df47d90a4513b8502bc0aef74a32 (2/5) - (20/27)
 - [2] IfThen


2024-05-16 09:01:06,185 [T13-ScriptEngine] INFO  JobRequest
 - STEP 21: S61743774f90d4914adccdfa07bd1022d (4/5) - (22/27)
 - [4] End-IfThen


2024-05-16 09:01:06,201 [T13-ScriptEngine] INFO  JobRequest
 - STEP 22: S9fdc55261d084e31b2de5df33fefc1cc (5/5) - (23/27)
 - [5] CopyFile


2024-05-16 09:01:24,789 [T8] INFO  JobService
PauseJob

2024-05-16 09:01:24,789 [T8] INFO  JobRunner
Try Pause

2024-05-16 09:01:24,789 [T8] INFO  JobRequest
##############################################################
### STATE: Paused
##############################################################


2024-05-16 09:01:24,789 [T8] INFO  JobRequest
Last job life cycle state: Paused

2024-05-16 09:01:24,809 [T4] DEBUG JobRequest
Callback - State: Paused


2024-05-16 09:01:27,234 [T13-ScriptEngine] ERROR DesktopPlayer
Failed to CopyFile : There is no file. : \\101.1.1.240\rpa 운영\SCM팀\P12_신상품_판매계획_작성_자동화\신상품 평가지표_RPA_SCM.xlsx

2024-05-16 09:01:47,475 [T13-ScriptEngine] INFO  JobRunner
Stop Job Runner - Cause: LocalUser / Message: Catch Step Exception

2024-05-16 09:01:47,476 [T13-ScriptEngine] INFO  JobRequest
##############################################################
### STATE: Stopping
##############################################################
Catch Step Exception


2024-05-16 09:01:47,481 [T4] DEBUG JobRequest
Callback - State: Stopping
Catch Step Exception

2024-05-16 09:01:47,485 [T13-ScriptEngine] WARN  ScriptSupport
[CATCH_STEP_EXCEPTION] Process: MyProcess
Task: T_Copy_File_From_Shared_Folder
Step: CopyFile (5/5)

Error: Failed to CopyFile
 - There is no file. : \\101.1.1.240\rpa 운영\SCM팀\P12_신상품_판매계획_작성_자동화\신상품 평가지표_RPA_SCM.xlsx

2024-05-16 09:01:47,486 [T13-ScriptEngine] FINE  JobRunner
RunTask ExceptionOccured. TASK: T_Copy_File_From_Shared_Folder => Failed to CopyFile
 - There is no file. : \\101.1.1.240\rpa 운영\SCM팀\P12_신상품_판매계획_작성_자동화\신상품 평가지표_RPA_SCM.xlsx

2024-05-16 09:01:47,495 [T13-ScriptEngine] INFO  JobRequest
##############################################################
### STATE: EndTask - T_Copy_File_From_Shared_Folder
##############################################################
9aae0956-ad2f-4a09-9ca0-ce08f267c52a
T_Copy_File_From_Shared_Folder


2024-05-16 09:01:47,497 [T13-ScriptEngine] DEBUG JobRunner
RunTask ExceptionOccured. TASK: MyProcess => Process: MyProcess
Task: T_Copy_File_From_Shared_Folder
Step: CopyFile (5/5)
Failed to CopyFile
 - There is no file. : \\101.1.1.240\rpa 운영\SCM팀\P12_신상품_판매계획_작성_자동화\신상품 평가지표_RPA_SCM.xlsx

2024-05-16 09:01:47,497 [T13-ScriptEngine] INFO  JobRequest
##############################################################
### STATE: EndProcess - MyProcess
##############################################################
9d750e41-5f7b-453c-8d62-6ffc591cde8f
MyProcess


2024-05-16 09:01:47,518 [T13-ScriptEngine] DEBUG JobManager
Set Result State: Stopped

2024-05-16 09:01:47,521 [T13-ScriptEngine] INFO  JobRunner
Make report.

2024-05-16 09:01:47,560 [T13-ScriptEngine] INFO  JobRunner
Start to clean up resources.

2024-05-16 09:01:47,561 [T13-ScriptEngine] DEBUG JobRunner
OnProcessCompleted

2024-05-16 09:01:47,561 [T23] DEBUG JobRunner
Start timer for checking the job to be completed.

2024-05-16 09:01:47,562 [T13-ScriptEngine] INFO  JobRunner
Start to clean up resources.

2024-05-16 09:01:47,564 [T13-ScriptEngine] DEBUG JobRunner
Remove all libraries

2024-05-16 09:01:47,571 [T13-ScriptEngine] DEBUG NetPlayer
WebPlayer OnDispose

2024-05-16 09:01:47,573 [T13-ScriptEngine] DEBUG WebPlayer
WebPlayer OnDispose : Do Nothing

2024-05-16 09:01:47,575 [T13-ScriptEngine] DEBUG UiaAppHelper
WinHelper DisposeAppList Count: 0

2024-05-16 09:01:47,575 [T13-ScriptEngine] INFO  JobRunner
All Resources Clear

2024-05-16 09:01:47,577 [T13-ScriptEngine] DEBUG JobRunner
OnCompleted

2024-05-16 09:01:47,578 [T13-ScriptEngine] DEBUG JobRunner
SendJobResult: Stopped

2024-05-16 09:01:47,578 [T13-ScriptEngine] INFO  JobRequest
##############################################################
### STATE: Stopped
##############################################################
Process: MyProcess

Process: MyProcess
Task: T_Copy_File_From_Shared_Folder
Step: CopyFile (5/5)
Failed to CopyFile
 - There is no file. : \\101.1.1.240\rpa 운영\SCM팀\P12_신상품_판매계획_작성_자동화\신상품 평가지표_RPA_SCM.xlsx


2024-05-16 09:01:47,578 [T13-ScriptEngine] INFO  JobRequest
Last job life cycle state: Stopped

2024-05-16 09:01:47,578 [T13-ScriptEngine] INFO  JobRequest
Update skipped current step informations.

2024-05-16 09:01:47,585 [T13-ScriptEngine] INFO  JobRequest
##############################################################
### JOB COMPLETED
##############################################################


2024-05-16 09:01:47,591 [T4] DEBUG JobRequest
Callback - State: Stopped
Process: MyProcess

Process: MyProcess
Task: T_Copy_File_From_Shared_Folder
Step: CopyFile (5/5)
Failed to CopyFile
 - There is no file. : \\101.1.1.240\rpa 운영\SCM팀\P12_신상품_판매계획_작성_자동화\신상품 평가지표_RPA_SCM.xlsx

2024-05-16 09:01:47,592 [T4] INFO  JobRequest
Callback - EngineClosed

2024-05-16 09:01:47,592 [T4] INFO  JobService
Disconnect agent service

2024-05-16 09:01:47,593 [T4] DEBUG JobRequest
End of Callback Sender

