<?xml version="1.0" encoding="utf-8"?>
<Result id="9d750e41-5f7b-453c-8d62-6ffc591cde8f" name="MyProcess" result="Stop" detail="Process: MyProcess&#xA;&#xA;Process: MyProcess&#xA;Task: T_Copy_File_From_Shared_Folder&#xA;Step: CopyFile (5/5)&#xA;Failed to CopyFile&#xA; - There is no file. : \\101.1.1.240\rpa 운영\SCM팀\P12_신상품_판매계획_작성_자동화\신상품 평가지표_RPA_SCM.xlsx&#xA;&#xA;-- Recent Warning Messages --&#xA;Process: MyProcess&#xA;Task: T_Copy_File_From_Shared_Folder&#xA;Step: CopyFile (5/5)&#xA;&#xA;Error: Failed to CopyFile&#xA; - There is no file. : \\101.1.1.240\rpa 운영\SCM팀\P12_신상품_판매계획_작성_자동화\신상품 평가지표_RPA_SCM.xlsx" start="2024-05-16T02:00:59.344" end="2024-05-16T02:01:47.497" jobId="Designer_20240516_090054_955">
  <Step id="S23aa70b068ac4b25adf3c7625fdd18ac" taskName="MyProcess" type="Flow" name="RunTask" displayName="RunTask ('T1_before_Task')" callDepth="1" depth="1" num="1" result="Pass" start="2024-05-16T02:00:59.389" end="2024-05-16T02:00:59.456" displayTime="0s">
    <Variables />
    <Properties setIndex="0">
      <Property value="" runtimeType="String" key="Options_OnError" displayKey="On Error" visible="true" required="false" />
      <Property value="" runtimeType="String" key="Key_Description" displayKey="Description" visible="true" required="false" />
      <Property value="T1_before_Task" runtimeType="String" key="Conditions_TaskName" displayKey="Task Name" visible="true" required="false" />
    </Properties>
  </Step>
  <Step id="S64ba49f48afa47b092176e86cbdd4f53" taskName="T1_before_Task" type="Flow" name="RunTask" displayName="RunTask ('tco_kill_process')" callDepth="2" depth="1" num="1" result="Pass" start="2024-05-16T02:00:59.460" end="2024-05-16T02:00:59.461" displayTime="0s">
    <Variables />
    <Properties setIndex="0">
      <Property value="" runtimeType="String" key="Options_OnError" displayKey="On Error" visible="true" required="false" />
      <Property value="" runtimeType="String" key="Key_Description" displayKey="Description" visible="true" required="false" />
      <Property value="tco_kill_process" runtimeType="String" key="Conditions_TaskName" displayKey="Task Name" visible="true" required="false" />
    </Properties>
  </Step>
  <Step id="S87a80ebb00f1497f85cd370223b66663" taskName="tco_kill_process" type="Win" name="CloseAll" displayName="CloseAll" callDepth="3" depth="1" num="1" result="Pass" start="2024-05-16T02:00:59.476" end="2024-05-16T02:01:00.514" displayTime="1s">
    <Variables />
    <Properties setIndex="0">
      <Property value="" runtimeType="String" key="Options_OnError" displayKey="On Error" visible="true" required="false" />
      <Property value="Kill Excel" runtimeType="String" key="Key_Description" displayKey="Description" visible="true" required="false" />
      <Property value="'excel.exe'" runtimeType="String" key="Application_ProcessName" displayKey="Application" visible="true" required="true" />
      <Property value="true" runtimeType="Boolean" key="Options_Force" displayKey="Force" visible="true" required="false" />
    </Properties>
  </Step>
  <Step id="Sa5fc819c5bfd4263a74345dca1f5ed3f" taskName="tco_kill_process" type="Flow" name="InternalData" displayName="End-RunTask ('tco_kill_process') / Return To 'T1_before_Task'" callDepth="3" depth="1" num="" result="Internal" start="2024-05-16T02:01:00.518" end="2024-05-16T02:01:00.518" displayTime="0s" />
  <Step id="Sbead5a5230b444ceb6bf2294c359c68e" taskName="T1_before_Task" type="Flow" name="Block" displayName="Block" callDepth="2" depth="1" num="2" result="Pass" start="2024-05-16T02:01:00.523" end="2024-05-16T02:01:00.525" displayTime="0s">
    <Variables />
    <Properties setIndex="0">
      <Property value="" runtimeType="String" key="Key_Description" displayKey="Description" visible="true" required="false" />
      <Property value="전처리" runtimeType="String" key="Conditions_Title" displayKey="Title" visible="true" required="false" />
    </Properties>
  </Step>
  <Step id="Sf8b9ecbc42f14fcb88c646423f5b09b0" taskName="T1_before_Task" type="Flow" name="ExecuteScript" displayName="ExecuteScript" callDepth="2" depth="2" num="3" result="Pass" start="2024-05-16T02:01:00.539" end="2024-05-16T02:01:00.540" displayTime="0s">
    <Variables />
    <Properties setIndex="0">
      <Property value="" runtimeType="String" key="Options_OnError" displayKey="On Error" visible="true" required="false" />
      <Property value="이어달리기 용도로 사용&#xD;&#xA;n.co.skip_excel=false로 되어 있어야 Default" runtimeType="String" key="Key_Description" displayKey="Description" visible="true" required="false" />
      <Property value="&lt;Too Long&gt; //-------------------------------------&#xD;&#xA;//TASK : tall_config 호출전에 &#xD;&#xA;//       n변수에 노드변수를 설정해야 함&#xD;&#xA;//d ... 403 more" runtimeType="String" key="Key_Script" displayKey="Script" visible="true" required="false" />
    </Properties>
  </Step>
  <Step id="S8975f1f04dc1428db16185565f43821f" taskName="T1_before_Task" type="Flow" name="RunTask" displayName="RunTask ('tco_config')" callDepth="2" depth="2" num="4" result="Pass" start="2024-05-16T02:01:00.555" end="2024-05-16T02:01:00.564" displayTime="0s">
    <Variables />
    <Properties setIndex="0">
      <Property value="" runtimeType="String" key="Options_OnError" displayKey="On Error" visible="true" required="false" />
      <Property value="" runtimeType="String" key="Key_Description" displayKey="Description" visible="true" required="false" />
      <Property value="tco_config" runtimeType="String" key="Conditions_TaskName" displayKey="Task Name" visible="true" required="false" />
    </Properties>
  </Step>
  <Step id="S45bab63c4786483698a629950d8440a0" taskName="tco_config" type="Flow" name="DecisionThen" displayName="IfThen" callDepth="3" depth="1" num="3" result="Pass" start="2024-05-16T02:01:00.571" end="2024-05-16T02:01:00.572" displayTime="0s">
    <Variables />
    <Properties setIndex="0">
      <Property value="" runtimeType="String" key="Key_Description" displayKey="Description" visible="true" required="false" />
      <Property value="typeof(n.co.skip_excel) == &quot;undefined&quot; || n.co.skip_excel == false" runtimeType="String" key="Conditions_Expression" displayKey="IfThen Condition" visible="false" required="true" />
      <Property value="true" runtimeType="Boolean" key="Conditions_CombineCondition" displayKey="Combine Condition" visible="false" required="false" />
      <Property value="true" runtimeType="Boolean" key="Conditions_Expression1" displayKey="Condition" visible="true" required="true" />
      <Property value="" runtimeType="String" key="Conditions_AddCondition" displayKey="Add Condition" visible="true" required="false" />
    </Properties>
  </Step>
  <Step id="Sc972bbc7e1a2424e90fdfec2fd3a95e9" taskName="tco_config" type="Excel" name="OpenExcel" displayName="OpenExcel" callDepth="3" depth="2" num="4" result="Pass" start="2024-05-16T02:01:00.587" end="2024-05-16T02:01:04.047" displayTime="3.5s">
    <Variables />
    <Properties setIndex="0">
      <Property value="" runtimeType="String" key="Options_OnError" displayKey="On Error" visible="true" required="false" />
      <Property value="" runtimeType="String" key="Key_Description" displayKey="Description" visible="true" required="false" />
      <Property value="h.excel.macro : &lt;undefined&gt;" runtimeType="Undefined" key="Output_OutputExcel" displayKey="Excel" visible="true" required="true" />
      <Property value="'C:\\BrityLockNLock\\1. Config\\macro.xlsm'" runtimeType="String" key="File_Path" displayKey="Path" visible="true" required="true" />
      <Property value="true" runtimeType="Boolean" key="File_Invisible" displayKey="Invisible" visible="true" required="false" />
      <Property value="true" runtimeType="Boolean" key="File_ReadOnly" displayKey="ReadOnly" visible="true" required="false" />
      <Property value="false" runtimeType="Boolean" key="File_Maximize" displayKey="Maximize" visible="true" required="false" />
      <Property value="false" runtimeType="Boolean" key="File_ExecuteShell" displayKey="Execute Shell" visible="true" required="false" />
      <Property value="60" runtimeType="Integer" key="File_Timeout" displayKey="Timeout" visible="false" required="true" />
      <Property value="false" runtimeType="Boolean" key="File_UsePassword" displayKey="UsePassword" visible="true" required="false" />
      <Property value="&lt;Secure Data&gt;" runtimeType="String" key="File_OpenPassword" displayKey="OpenPassword" visible="false" required="false" />
      <Property value="&lt;Secure Data&gt;" runtimeType="String" key="File_WritePassword" displayKey="WritePassword" visible="false" required="false" />
      <Property value="Comma(,)" runtimeType="String" key="File_TextDelimiter" displayKey="Text Delimiter" visible="true" required="false" />
    </Properties>
  </Step>
  <Step id="S35e65cc4f0c040719be071d6a0a6338f" taskName="tco_config" type="Excel" name="ExecuteMacro" displayName="ExecuteMacro" callDepth="3" depth="2" num="5" result="Pass" start="2024-05-16T02:01:04.064" end="2024-05-16T02:01:04.687" displayTime="0.6s">
    <Variables />
    <Properties setIndex="0">
      <Property value="" runtimeType="String" key="Options_OnError" displayKey="On Error" visible="true" required="false" />
      <Property value="" runtimeType="String" key="Key_Description" displayKey="Description" visible="true" required="false" />
      <Property value="Workbook" runtimeType="Any" key="Input_InputExcel" displayKey="Excel" visible="true" required="true" />
      <Property value="'init'" runtimeType="String" key="File_MacroName" displayKey="MacroName" visible="true" required="true" />
      <Property value="'config{`p1{`m1'" runtimeType="String" key="File_Params" displayKey="Parameters" visible="true" required="false" />
      <Property value="'Sheet1'" runtimeType="String" key="Sheet_SheetName" displayKey="SheetName" visible="true" required="true" />
    </Properties>
  </Step>
  <Step id="S01120c5dd0f34d6f923b5180596a0620" taskName="tco_config" type="Excel" name="CloseExcel" displayName="CloseExcel" callDepth="3" depth="2" num="6" result="Pass" start="2024-05-16T02:01:04.696" end="2024-05-16T02:01:06.009" displayTime="1.3s">
    <Variables />
    <Properties setIndex="0">
      <Property value="" runtimeType="String" key="Options_OnError" displayKey="On Error" visible="true" required="false" />
      <Property value="" runtimeType="String" key="Key_Description" displayKey="Description" visible="true" required="false" />
      <Property value="Workbook" runtimeType="Any" key="Input_InputExcel" displayKey="Excel" visible="true" required="true" />
      <Property value="true" runtimeType="Boolean" key="File_Force" displayKey="Force" visible="true" required="false" />
    </Properties>
  </Step>
  <Step id="S902ba0407b5b4a8784a25eacbd6ce2f6" taskName="tco_config" type="Flow" name="EndDecisionThen" displayName="End-IfThen" callDepth="3" depth="2" num="7" result="Pass" start="2024-05-16T02:01:06.012" end="2024-05-16T02:01:06.012" displayTime="0s">
    <Variables />
    <Properties setIndex="0">
      <Property value="" runtimeType="String" key="Key_Description" displayKey="Description" visible="true" required="false" />
    </Properties>
  </Step>
  <Step id="Sfd50655a7aeb4aa49af6ac3ab6947269" taskName="tco_config" type="Flow" name="ExecuteScript" displayName="ExecuteScript" callDepth="3" depth="1" num="8" result="Pass" start="2024-05-16T02:01:06.027" end="2024-05-16T02:01:06.051" displayTime="0s">
    <Variables />
    <Properties setIndex="0">
      <Property value="--Ignore--" runtimeType="String" key="Options_OnError" displayKey="On Error" visible="true" required="false" />
      <Property value="" runtimeType="String" key="Key_Description" displayKey="Description" visible="true" required="false" />
      <Property value="&lt;Too Long&gt; Script.rpa.load();&#xD;&#xA;&#xD;&#xA;Script.rpa.log('= Script.rpa.load()');&#xD;&#xA;&#xD;&#xA;Script.rpa.log (Script.rpa.members(d ... 5 more" runtimeType="String" key="Key_Script" displayKey="Script" visible="true" required="false" />
    </Properties>
  </Step>
  <Step id="Se4310e79f3fd4dfc91c5efb4f6b2c2eb" taskName="tco_config" type="Desktop" name="GetSpecialFolder" displayName="GetSpecialFolder" callDepth="3" depth="1" num="9" result="Pass" start="2024-05-16T02:01:06.059" end="2024-05-16T02:01:06.063" displayTime="0s">
    <Variables />
    <Properties setIndex="0">
      <Property value="" runtimeType="String" key="Options_OnError" displayKey="On Error" visible="true" required="false" />
      <Property value="C:\Users\jihye\Documents\" runtimeType="String" key="Key_Description" displayKey="Description" visible="true" required="false" />
      <Property value="MyDocuments" runtimeType="String" key="Command_FolderType" displayKey="FolderType" visible="true" required="true" />
      <Property value="d.path.down_origin2 : &lt;undefined&gt;" runtimeType="Undefined" key="Command_Output" displayKey="Output" visible="true" required="true" />
    </Properties>
  </Step>
  <Step id="Sd231ebaf79ba48bd900d24535d9e654e" taskName="tco_config" type="Flow" name="ExecuteScript" displayName="ExecuteScript" callDepth="3" depth="1" num="10" result="Pass" start="2024-05-16T02:01:06.075" end="2024-05-16T02:01:06.075" displayTime="0s">
    <Variables />
    <Properties setIndex="0">
      <Property value="" runtimeType="String" key="Options_OnError" displayKey="On Error" visible="true" required="false" />
      <Property value="" runtimeType="String" key="Key_Description" displayKey="Description" visible="true" required="false" />
      <Property value="''" runtimeType="String" key="Conditions_Title" displayKey="Title" visible="true" required="true" />
      <Property value="&lt;Too Long&gt; // 다운로드&#xD;&#xA;d.path.down_origin2 = d.path.down_origin2.slice(0,-10);&#xD;&#xA;d.path.down_origin2 = d.path.down_ ... 169 more" runtimeType="String" key="Key_Script" displayKey="Script" visible="true" required="false" />
    </Properties>
  </Step>
  <Step id="Sf62434a2c6c8496e959d707dde6c4107" taskName="tco_config" type="Flow" name="InternalData" displayName="End-RunTask ('tco_config') / Return To 'T1_before_Task'" callDepth="3" depth="1" num="" result="Internal" start="2024-05-16T02:01:06.075" end="2024-05-16T02:01:06.075" displayTime="0s" />
  <Step id="S8498a872428249a5a6fd4ce4d675f950" taskName="T1_before_Task" type="Flow" name="ExecuteScript" displayName="ExecuteScript" callDepth="2" depth="2" num="5" result="Pass" start="2024-05-16T02:01:06.090" end="2024-05-16T02:01:06.093" displayTime="0s">
    <Variables />
    <Properties setIndex="0">
      <Property value="" runtimeType="String" key="Options_OnError" displayKey="On Error" visible="true" required="false" />
      <Property value="이어달리기 용도로 사용" runtimeType="String" key="Key_Description" displayKey="Description" visible="true" required="false" />
      <Property value="Script.rpa.saveVariable();&#xD;&#xA;//Script.rpa.loadVariable();" runtimeType="String" key="Key_Script" displayKey="Script" visible="true" required="false" />
    </Properties>
  </Step>
  <Step id="Sd97ace96c2a24b0490f658bdb8348627" taskName="T1_before_Task" type="Flow" name="ExecuteScript" displayName="ExecuteScript" callDepth="2" depth="2" num="6" result="Pass" start="2024-05-16T02:01:06.106" end="2024-05-16T02:01:06.116" displayTime="0s">
    <Variables />
    <Properties setIndex="0">
      <Property value="" runtimeType="String" key="Options_OnError" displayKey="On Error" visible="true" required="false" />
      <Property value="" runtimeType="String" key="Key_Description" displayKey="Description" visible="true" required="false" />
      <Property value="&lt;Too Long&gt; /* - LOG_CREATE - &#xD;&#xA;인수0 : n.co_logc.create_fld        //LOG || DUMMY&#xD;&#xA;---------------------*/&#xD;&#xA;&#xD;&#xA;n.c ... 88 more" runtimeType="String" key="Key_Script" displayKey="Script" visible="true" required="false" />
    </Properties>
  </Step>
  <Step id="Sb0b951054b4a434dbabaf2eadcd2ece0" taskName="T1_before_Task" type="Flow" name="EndBlock" displayName="End-Block" callDepth="2" depth="2" num="8" result="Pass" start="2024-05-16T02:01:06.121" end="2024-05-16T02:01:06.121" displayTime="0s">
    <Variables />
    <Properties setIndex="0">
      <Property value="전처리" runtimeType="String" key="Key_Description" displayKey="Description" visible="true" required="false" />
    </Properties>
  </Step>
  <Step id="S438ca93c792b4e04a6fc175407f541e3" taskName="T1_before_Task" type="Flow" name="InternalData" displayName="End-RunTask ('T1_before_Task') / Return To 'MyProcess'" callDepth="2" depth="2" num="" result="Internal" start="2024-05-16T02:01:06.123" end="2024-05-16T02:01:06.123" displayTime="0s" />
  <Step id="Sed2485d6ec024ac094e4d43fae3c3125" taskName="MyProcess" type="Flow" name="RunTask" displayName="RunTask ('T_Copy_File_From_Shared_Folder')" callDepth="1" depth="1" num="2" result="Pass" start="2024-05-16T02:01:06.137" end="2024-05-16T02:01:06.139" displayTime="0s">
    <Variables />
    <Properties setIndex="0">
      <Property value="" runtimeType="String" key="Options_OnError" displayKey="On Error" visible="true" required="false" />
      <Property value="" runtimeType="String" key="Key_Description" displayKey="Description" visible="true" required="false" />
      <Property value="T_Copy_File_From_Shared_Folder" runtimeType="String" key="Conditions_TaskName" displayKey="Task Name" visible="true" required="false" />
    </Properties>
  </Step>
  <Step id="S2eadf86603b34054a812b8c3aed480ff" taskName="T_Copy_File_From_Shared_Folder" type="Desktop" name="IsFileExist" displayName="IsFileExist" callDepth="2" depth="1" num="1" result="Pass" start="2024-05-16T02:01:06.153" end="2024-05-16T02:01:06.161" displayTime="0s">
    <Variables>
      <Variable name="RESULT" scope="System" declareType="Any" isChanged="false" isChangable="true" runtimeType="Any" value="&lt;null&gt;" />
    </Variables>
    <Properties setIndex="0">
      <Property value="" runtimeType="String" key="Options_OnError" displayKey="On Error" visible="true" required="false" />
      <Property value="" runtimeType="String" key="Key_Description" displayKey="Description" visible="true" required="false" />
      <Property value="'C:\\\\BrityLockNLock\\\\3. Download\\\\P12_신상품_판매계획_작성_자동화\\신상품 평가지표_RPA_SCM.xlsx'" runtimeType="String" key="Command_Path" displayKey="Path" visible="true" required="true" />
      <Property value="RESULT : true" runtimeType="Boolean" key="Command_Output" displayKey="Output" visible="true" required="true" />
    </Properties>
  </Step>
  <Step id="Sb217df47d90a4513b8502bc0aef74a32" taskName="T_Copy_File_From_Shared_Folder" type="Flow" name="DecisionThen" displayName="IfThen" callDepth="2" depth="1" num="2" result="Pass" start="2024-05-16T02:01:06.169" end="2024-05-16T02:01:06.171" displayTime="0s">
    <Variables>
      <Variable name="RESULT" scope="System" declareType="Any" isChanged="false" isChangable="true" runtimeType="Boolean" value="true" />
    </Variables>
    <Properties setIndex="0">
      <Property value="" runtimeType="String" key="Key_Description" displayKey="Description" visible="true" required="false" />
      <Property value="!RESULT" runtimeType="String" key="Conditions_Expression" displayKey="IfThen Condition" visible="false" required="true" />
      <Property value="true" runtimeType="Boolean" key="Conditions_CombineCondition" displayKey="Combine Condition" visible="false" required="false" />
      <Property value="false" runtimeType="Boolean" key="Conditions_Expression1" displayKey="Condition" visible="true" required="true" />
      <Property value="" runtimeType="String" key="Conditions_AddCondition" displayKey="Add Condition" visible="true" required="false" />
    </Properties>
  </Step>
  <Step id="S61743774f90d4914adccdfa07bd1022d" taskName="T_Copy_File_From_Shared_Folder" type="Flow" name="EndDecisionThen" displayName="End-IfThen" callDepth="2" depth="2" num="4" result="Pass" start="2024-05-16T02:01:06.185" end="2024-05-16T02:01:06.185" displayTime="0s">
    <Variables />
    <Properties setIndex="0">
      <Property value="" runtimeType="String" key="Key_Description" displayKey="Description" visible="true" required="false" />
    </Properties>
  </Step>
  <Step id="S9fdc55261d084e31b2de5df33fefc1cc" taskName="T_Copy_File_From_Shared_Folder" type="Desktop" name="CopyFile" displayName="CopyFile" callDepth="2" depth="1" num="5" result="Fail" start="2024-05-16T02:01:06.201" end="2024-05-16T02:01:47.474" displayTime="41.3s">
    <Variables />
    <Properties setIndex="0">
      <Property value="" runtimeType="String" key="Options_OnError" displayKey="On Error" visible="true" required="false" />
      <Property value="" runtimeType="String" key="Key_Description" displayKey="Description" visible="true" required="false" />
      <Property value="'\\\\101.1.1.240\\rpa 운영\\SCM팀\\P12_신상품_판매계획_작성_자동화\\신상품 평가지표_RPA_SCM.xlsx'" runtimeType="String" key="Command_SrcFilePath" displayKey="SrcFilePath" visible="true" required="true" />
      <Property value="'C:\\\\BrityLockNLock\\\\3. Download\\\\P12_신상품_판매계획_작성_자동화\\신상품 평가지표_RPA_SCM.xlsx'" runtimeType="String" key="Command_DestFilePath" displayKey="DestFilePath" visible="true" required="true" />
      <Property value="true" runtimeType="Boolean" key="Command_Overwrite" displayKey="Overwrite" visible="true" required="false" />
    </Properties>
  </Step>
  <Step id="Sb2a859f52d5e40f29a597d80cf9038aa" taskName="T_Copy_File_From_Shared_Folder" type="Flow" name="InternalData" displayName="End-RunTask ('T_Copy_File_From_Shared_Folder') / Return To 'MyProcess'" callDepth="2" depth="1" num="" result="Internal" start="2024-05-16T02:01:47.495" end="2024-05-16T02:01:47.495" displayTime="0s" />
  <JobInfo>
    <Info name="Bot Version" value="3.1.124.00426" />
    <Info name="Resolution" value="1920 x 1080" />
    <Info name="Language" value="English (United States)" />
    <Info name="BotID" value="DESIGNER-UC10B" />
  </JobInfo>
</Result>